[ 2015-04-01T11:11:49+08:00 ] 127.0.0.1 /acephp/admin.php/assets/js/jquery.easypiechart.min.js
INFO: [ app_init ] --START--
INFO: Run Behavior\BuildLiteBehavior [ RunTime:0.000000s ]
INFO: [ app_init ] --END-- [ RunTime:0.003000s ]
ERR: æ— æ³•åŠ è½½æ¨¡å—:Assets

[ 2015-04-01T11:11:49+08:00 ] 127.0.0.1 /acephp/admin.php/assets/js/jquery.ui.touch-punch.min.js
INFO: [ app_init ] --START--
INFO: Run Behavior\BuildLiteBehavior [ RunTime:0.000000s ]
INFO: [ app_init ] --END-- [ RunTime:0.004001s ]
ERR: æ— æ³•åŠ è½½æ¨¡å—:Assets

[ 2015-04-01T11:11:49+08:00 ] 127.0.0.1 /acephp/admin.php/assets/js/spin.min.js
INFO: [ app_init ] --START--
INFO: Run Behavior\BuildLiteBehavior [ RunTime:0.000000s ]
INFO: [ app_init ] --END-- [ RunTime:0.003001s ]
ERR: æ— æ³•åŠ è½½æ¨¡å—:Assets

[ 2015-04-01T11:11:49+08:00 ] 127.0.0.1 /acephp/admin.php/assets/js/jquery.gritter.min.js
INFO: [ app_init ] --START--
INFO: Run Behavior\BuildLiteBehavior [ RunTime:0.000000s ]
INFO: [ app_init ] --END-- [ RunTime:0.002000s ]
ERR: æ— æ³•åŠ è½½æ¨¡å—:Assets

[ 2015-04-01T11:11:49+08:00 ] 127.0.0.1 /acephp/admin.php/assets/js/bootbox.min.js
INFO: [ app_init ] --START--
INFO: Run Behavior\BuildLiteBehavior [ RunTime:0.000000s ]
INFO: [ app_init ] --END-- [ RunTime:0.001000s ]
ERR: æ— æ³•åŠ è½½æ¨¡å—:Assets

[ 2015-04-01T11:11:49+08:00 ] 127.0.0.1 /acephp/admin.php/assets/css/jquery.gritter.css
INFO: [ app_init ] --START--
INFO: Run Behavior\BuildLiteBehavior [ RunTime:0.000000s ]
INFO: [ app_init ] --END-- [ RunTime:0.001000s ]
ERR: æ— æ³•åŠ è½½æ¨¡å—:Assets

ts

[ 2015-04-01T11:11:50+08:00 ] 127.0.0.1 /acephp/admin.php/assets/css/prettify.css
INFO: [ app_init ] --START--
INFO: Run Behavior\BuildLiteBehavior [ RunTime:0.000000s ]
INFO: [ app_init ] --END-- [ RunTime:0.001000s ]
ERR: æ— æ³•åŠ è½½æ¨¡å—:Assets

[ 2015-04-01T11:11:50+08:00 ] 127.0.0.1 /acephp/admin.php/assets/js/prettify.js
INFO: [ app_init ] --START--
INFO: Run Behavior\BuildLiteBehavior [ RunTime:0.000000s ]
INFO: [ app_init ] --END-- [ RunTime:0.001000s ]
ERR: æ— æ³•åŠ è½½æ¨¡å—:Assets

[ 2015-04-01T11:15:17+08:00 ] 127.0.0.1 /acephp/admin.php/assets/css/prettify.css
INFO: [ app_init ] --START--
INFO: Run Behavior\BuildLiteBehavior [ RunTime:0.000000s ]
INFO: [ app_init ] --END-- [ RunTime:0.001000s ]
ERR: æ— æ³•åŠ è½½æ¨¡å—:Assets

[ 2015-04-01T11:18:48+08:00 ] 127.0.0.1 /acephp/admin.php/assets/css/prettify.css
INFO: [ app_init ] --START--
INFO: Run Behavior\BuildLiteBehavior [ RunTime:0.000000s ]
INFO: [ app_init ] --END-- [ RunTime:0.002000s ]
ERR: æ— æ³•åŠ è½½æ¨¡å—:Assets

[ 2015-04-01T11:24:55+08:00 ] 127.0.0.1 /acephp/admin.php/assets/css/prettify.css
INFO: [ app_init ] --START--
INFO: Run Behavior\BuildLiteBehavior [ RunTime:0.000000s ]
INFO: [ app_init ] --END-- [ RunTime:0.001000s ]
ERR: æ— æ³•åŠ è½½æ¨¡å—:Assets

[ 2015-04-01T11:25:47+08:00 ] 127.0.0.1 /acephp/admin.php/assets/js/prettify.js
INFO: [ app_init ] --START--
INFO: Run Behavior\BuildLiteBehavior [ RunTime:0.000000s ]
INFO: [ app_init ] --END-- [ RunTime:0.001000s ]
ERR: æ— æ³•åŠ è½½æ¨¡å—:Assets

[ 2015-04-01T11:25:47+08:00 ] 127.0.0.1 /acephp/admin.php/assets/css/prettify.css
INFO: [ app_init ] --START--
INFO: Run Behavior\BuildLiteBehavior [ RunTime:0.000000s ]
INFO: [ app_init ] --END-- [ RunTime:0.001000s ]
ERR: æ— æ³•åŠ è½½æ¨¡å—:Assets

[ 2015-04-01T11:29:42+08:00 ] 127.0.0.1 /acephp/admin.php/assets/js/jquery.ui.touch-punch.min.js
INFO: [ app_init ] --START--
INFO: Run Behavior\BuildLiteBehavior [ RunTime:0.000000s ]
INFO: [ app_init ] --END-- [ RunTime:0.002000s ]
ERR: æ— æ³•åŠ è½½æ¨¡å—:Assets

[ 2015-04-01T11:29:42+08:00 ] 127.0.0.1 /acephp/admin.php/assets/js/bootbox.min.js
INFO: [ app_init ] --START--
INFO: Run Behavior\BuildLiteBehavior [ RunTime:0.000000s ]
INFO: [ app_init ] --END-- [ RunTime:0.004000s ]
ERR: æ— æ³•åŠ è½½æ¨¡å—:Assets

—:Assets

[ 2015-04-01T11:29:42+08:00 ] 127.0.0.1 /acephp/admin.php/assets/js/jquery.gritter.min.js
INFO: [ app_init ] --START--
INFO: Run Behavior\BuildLiteBehavior [ RunTime:0.001000s ]
INFO: [ app_init ] --END-- [ RunTime:0.002000s ]
ERR: æ— æ³•åŠ è½½æ¨¡å—:Assets

[ 2015-04-01T11:29:42+08:00 ] 127.0.0.1 /acephp/admin.php/assets/js/spin.min.js
INFO: [ app_init ] --START--
INFO: Run Behavior\BuildLiteBehavior [ RunTime:0.000000s ]
INFO: [ app_init ] --END-- [ RunTime:0.001000s ]
ERR: æ— æ³•åŠ è½½æ¨¡å—:Assets

[ 2015-04-01T11:29:42+08:00 ] 127.0.0.1 /acephp/admin.php/assets/css/jquery-ui.custom.min.css
INFO: [ app_init ] --START--
INFO: Run Behavior\BuildLiteBehavior [ RunTime:0.000000s ]
INFO: [ app_init ] --END-- [ RunTime:0.001000s ]
ERR: æ— æ³•åŠ è½½æ¨¡å—:Assets

[ 2015-04-01T11:29:42+08:00 ] 127.0.0.1 /acephp/admin.php/assets/css/jquery.gritter.css
INFO: [ app_init ] --START--
INFO: Run Behavior\BuildLiteBehavior [ RunTime:0.000000s ]
INFO: [ app_init ] --END-- [ RunTime:0.001001s ]
ERR: æ— æ³•åŠ è½½æ¨¡å—:Assets

[ 2015-04-01T11:31:30+08:00 ] 127.0.0.1 /acephp/admin.php/assets/js/jquery.gritter.min.js
INFO: [ app_init ] --START--
INFO: Run Behavior\BuildLiteBehavior [ RunTime:0.001000s ]
INFO: [ app_init ] --END-- [ RunTime:0.002000s ]
ERR: æ— æ³•åŠ è½½æ¨¡å—:Assets

[ 2015-04-01T11:31:30+08:00 ] 127.0.0.1 /acephp/admin.php/assets/js/jquery.easypiechart.min.js
INFO: [ app_init ] --START--
INFO: Run Behavior\BuildLiteBehavior [ RunTime:0.000000s ]
INFO: [ app_init ] --END-- [ RunTime:0.001000s ]
ERR: æ— æ³•åŠ è½½æ¨¡å—:Assets

[ 2015-04-01T11:31:30+08:00 ] 127.0.0.1 /acephp/admin.php/assets/js/bootbox.min.js
INFO: [ app_init ] --START--
INFO: Run Behavior\BuildLiteBehavior [ RunTime:0.000000s ]
INFO: [ app_init ] --END-- [ RunTime:0.002000s ]
ERR: æ— æ³•åŠ è½½æ¨¡å—:Assets

[ 2015-04-01T11:31:30+08:00 ] 127.0.0.1 /acephp/admin.php/assets/js/spin.min.js
INFO: [ app_init ] --START--
INFO: Run Behavior\BuildLiteBehavior [ RunTime:0.000000s ]
INFO: [ app_init ] --END-- [ RunTime:0.001000s ]
ERR: æ— æ³•åŠ è½½æ¨¡å—:Assets

[ 2015-04-01T11:31:30+08:00 ] 127.0.0.1 /acephp/admin.php/assets/js/jquery.ui.touch-punch.min.js
INFO: [ app_init ] --START--
INFO: Run Behavior\BuildLiteBehavior [ RunTime:0.000000s ]
INFO: [ app_init ] --END-- [ RunTime:0.001000s ]
ERR: æ— æ³•åŠ è½½æ¨¡å—:Assets

[ 2015-04-01T11:31:30+08:00 ] 127.0.0.1 /acephp/admin.php/assets/css/jquery.gritter.css
INFO: [ app_init ] --START--
INFO: Run Behavior\BuildLiteBehavior [ RunTime:0.000000s ]
INFO: [ app_init ] --END-- [ RunTime:0.002000s ]
ERR: æ— æ³•åŠ è½½æ¨¡å—:Assets

ts

[ 2015-04-01T11:43:41+08:00 ] 127.0.0.1 /acephp/admin.php/assets/js/jquery.dataTables.bootstrap.js
INFO: [ app_init ] --START--
INFO: Run Behavior\BuildLiteBehavior [ RunTime:0.000000s ]
INFO: [ app_init ] --END-- [ RunTime:0.001000s ]
ERR: æ— æ³•åŠ è½½æ¨¡å—:Assets

