[ 2015-03-31T09:26:58+08:00 ] 127.0.0.1 /acephp/admin.php/assets/images/gallery/thumb-4.jpg
INFO: [ app_init ] --START--
INFO: Run Behavior\BuildLiteBehavior [ RunTime:0.001000s ]
INFO: [ app_init ] --END-- [ RunTime:0.002000s ]
ERR: æ— æ³•åŠ è½½æ¨¡å—:Assets

[ 2015-03-31T09:26:58+08:00 ] 127.0.0.1 /acephp/admin.php/assets/images/gallery/thumb-5.jpg
INFO: [ app_init ] --START--
INFO: Run Behavior\BuildLiteBehavior [ RunTime:0.000000s ]
INFO: [ app_init ] --END-- [ RunTime:0.002000s ]
ERR: æ— æ³•åŠ è½½æ¨¡å—:Assets

[ 2015-03-31T09:26:58+08:00 ] 127.0.0.1 /acephp/admin.php/assets/images/gallery/thumb-6.jpg
INFO: [ app_init ] --START--
INFO: Run Behavior\BuildLiteBehavior [ RunTime:0.000000s ]
INFO: [ app_init ] --END-- [ RunTime:0.003000s ]
ERR: æ— æ³•åŠ è½½æ¨¡å—:Assets

[ 2015-03-31T09:26:59+08:00 ] 127.0.0.1 /acephp/admin.php/assets/images/gallery/thumb-3.jpg
INFO: [ app_init ] --START--
INFO: Run Behavior\BuildLiteBehavior [ RunTime:0.000000s ]
INFO: [ app_init ] --END-- [ RunTime:0.002000s ]
ERR: æ— æ³•åŠ è½½æ¨¡å—:Assets

[ 2015-03-31T09:26:59+08:00 ] 127.0.0.1 /acephp/admin.php/assets/js/jquery.colorbox-min.js
INFO: [ app_init ] --START--
INFO: Run Behavior\BuildLiteBehavior [ RunTime:0.001000s ]
INFO: [ app_init ] --END-- [ RunTime:0.003000s ]
ERR: æ— æ³•åŠ è½½æ¨¡å—:Assets

[ 2015-03-31T09:26:59+08:00 ] 127.0.0.1 /acephp/admin.php/assets/css/colorbox.css
INFO: [ app_init ] --START--
INFO: Run Behavior\BuildLiteBehavior [ RunTime:0.000000s ]
INFO: [ app_init ] --END-- [ RunTime:0.002000s ]
ERR: æ— æ³•åŠ è½½æ¨¡å—:Assets

[ 2015-03-31T09:27:25+08:00 ] 127.0.0.1 /acephp/admin.php/assets/images/gallery/thumb-2.jpg
INFO: [ app_init ] --START--
INFO: Run Behavior\BuildLiteBehavior [ RunTime:0.000000s ]
INFO: [ app_init ] --END-- [ RunTime:0.002000s ]
ERR: æ— æ³•åŠ è½½æ¨¡å—:Assets

[ 2015-03-31T09:27:25+08:00 ] 127.0.0.1 /acephp/admin.php/assets/images/gallery/thumb-4.jpg
INFO: [ app_init ] --START--
INFO: Run Behavior\BuildLiteBehavior [ RunTime:0.000000s ]
INFO: [ app_init ] --END-- [ RunTime:0.003000s ]
ERR: æ— æ³•åŠ è½½æ¨¡å—:Assets

[ 2015-03-31T09:27:25+08:00 ] 127.0.0.1 /acephp/admin.php/assets/images/gallery/thumb-3.jpg
INFO: [ app_init ] --START--
INFO: Run Behavior\BuildLiteBehavior [ RunTime:0.000000s ]
INFO: [ app_init ] --END-- [ RunTime:0.004000s ]
ERR: æ— æ³•åŠ è½½æ¨¡å—:Assets

[ 2015-03-31T09:27:25+08:00 ] 127.0.0.1 /acephp/admin.php/assets/images/gallery/thumb-6.jpg
INFO: [ app_init ] --START--
INFO: Run Behavior\BuildLiteBehavior [ RunTime:0.001000s ]
INFO: [ app_init ] --END-- [ RunTime:0.007001s ]
ERR: æ— æ³•åŠ è½½æ¨¡å—:Assets

[ 2015-03-31T09:27:26+08:00 ] 127.0.0.1 /acephp/admin.php/assets/images/gallery/thumb-1.jpg
INFO: [ app_init ] --START--
INFO: Run Behavior\BuildLiteBehavior [ RunTime:0.000000s ]
INFO: [ app_init ] --END-- [ RunTime:0.002000s ]
ERR: æ— æ³•åŠ è½½æ¨¡å—:Assets

[ 2015-03-31T09:27:26+08:00 ] 127.0.0.1 /acephp/admin.php/assets/images/gallery/thumb-5.jpg
INFO: [ app_init ] --START--
INFO: Run Behavior\BuildLiteBehavior [ RunTime:0.000000s ]
INFO: [ app_init ] --END-- [ RunTime:0.001000s ]
ERR: æ— æ³•åŠ è½½æ¨¡å—:Assets

[ 2015-03-31T09:27:26+08:00 ] 127.0.0.1 /acephp/admin.php/assets/css/colorbox.css
INFO: [ app_init ] --START--
INFO: Run Behavior\BuildLiteBehavior [ RunTime:0.000000s ]
INFO: [ app_init ] --END-- [ RunTime:0.004000s ]
ERR: æ— æ³•åŠ è½½æ¨¡å—:Assets

[ 2015-03-31T09:27:26+08:00 ] 127.0.0.1 /acephp/admin.php/assets/js/jquery.colorbox-min.js
INFO: [ app_init ] --START--
INFO: Run Behavior\BuildLiteBehavior [ RunTime:0.000000s ]
INFO: [ app_init ] --END-- [ RunTime:0.002000s ]
ERR: æ— æ³•åŠ è½½æ¨¡å—:Assets

[ 2015-03-31T09:38:47+08:00 ] 127.0.0.1 /acephp/admin.php/assets/images/gallery/thumb-5.jpg
INFO: [ app_init ] --START--
INFO: Run Behavior\BuildLiteBehavior [ RunTime:0.001000s ]
INFO: [ app_init ] --END-- [ RunTime:0.002000s ]
ERR: æ— æ³•åŠ è½½æ¨¡å—:Assets

[ 2015-03-31T09:38:48+08:00 ] 127.0.0.1 /acephp/admin.php/assets/images/gallery/thumb-6.jpg
INFO: [ app_init ] --START--
INFO: Run Behavior\BuildLiteBehavior [ RunTime:0.000000s ]
INFO: [ app_init ] --END-- [ RunTime:0.004000s ]
ERR: æ— æ³•åŠ è½½æ¨¡å—:Assets

[ 2015-03-31T09:38:48+08:00 ] 127.0.0.1 /acephp/admin.php/assets/images/gallery/thumb-1.jpg
INFO: [ app_init ] --START--
INFO: Run Behavior\BuildLiteBehavior [ RunTime:0.000000s ]
INFO: [ app_init ] --END-- [ RunTime:0.001000s ]
ERR: æ— æ³•åŠ è½½æ¨¡å—:Assets

[ 2015-03-31T09:38:48+08:00 ] 127.0.0.1 /acephp/admin.php/assets/images/gallery/thumb-3.jpg
INFO: [ app_init ] --START--
INFO: Run Behavior\BuildLiteBehavior [ RunTime:0.000000s ]
INFO: [ app_init ] --END-- [ RunTime:0.003000s ]
ERR: æ— æ³•åŠ è½½æ¨¡å—:Assets

[ 2015-03-31T09:38:48+08:00 ] 127.0.0.1 /acephp/admin.php/assets/images/gallery/thumb-4.jpg
INFO: [ app_init ] --START--
INFO: Run Behavior\BuildLiteBehavior [ RunTime:0.000000s ]
INFO: [ app_init ] --END-- [ RunTime:0.005000s ]
ERR: æ— æ³•åŠ è½½æ¨¡å—:Assets

[ 2015-03-31T09:38:48+08:00 ] 127.0.0.1 /acephp/admin.php/assets/images/gallery/thumb-2.jpg
INFO: [ app_init ] --START--
INFO: Run Behavior\BuildLiteBehavior [ RunTime:0.000000s ]
INFO: [ app_init ] --END-- [ RunTime:0.005000s ]
ERR: æ— æ³•åŠ è½½æ¨¡å—:Assets

[ 2015-03-31T09:38:48+08:00 ] 127.0.0.1 /acephp/admin.php/assets/css/colorbox.css
INFO: [ app_init ] --START--
INFO: Run Behavior\BuildLiteBehavior [ RunTime:0.000000s ]
INFO: [ app_init ] --END-- [ RunTime:0.002000s ]
ERR: æ— æ³•åŠ è½½æ¨¡å—:Assets

[ 2015-03-31T09:38:48+08:00 ] 127.0.0.1 /acephp/admin.php/assets/js/jquery.colorbox-min.js
INFO: [ app_init ] --START--
INFO: Run Behavior\BuildLiteBehavior [ RunTime:0.000000s ]
INFO: [ app_init ] --END-- [ RunTime:0.001000s ]
ERR: æ— æ³•åŠ è½½æ¨¡å—:Assets

[ 2015-03-31T09:46:57+08:00 ] 127.0.0.1 /acephp/admin.php/assets/images/gallery/thumb-2.jpg
INFO: [ app_init ] --START--
INFO: Run Behavior\BuildLiteBehavior [ RunTime:0.000000s ]
INFO: [ app_init ] --END-- [ RunTime:0.005000s ]
ERR: æ— æ³•åŠ è½½æ¨¡å—:Assets

[ 2015-03-31T09:46:57+08:00 ] 127.0.0.1 /acephp/admin.php/assets/images/gallery/thumb-1.jpg
INFO: [ app_init ] --START--
INFO: Run Behavior\BuildLiteBehavior [ RunTime:0.000000s ]
INFO: [ app_init ] --END-- [ RunTime:0.005000s ]
ERR: æ— æ³•åŠ è½½æ¨¡å—:Assets

[ 2015-03-31T09:46:57+08:00 ] 127.0.0.1 /acephp/admin.php/assets/images/gallery/thumb-5.jpg
INFO: [ app_init ] --START--
INFO: Run Behavior\BuildLiteBehavior [ RunTime:0.000000s ]
INFO: [ app_init ] --END-- [ RunTime:0.002000s ]
ERR: æ— æ³•åŠ è½½æ¨¡å—:Assets

[ 2015-03-31T09:46:57+08:00 ] 127.0.0.1 /acephp/admin.php/assets/images/gallery/thumb-4.jpg
INFO: [ app_init ] --START--
INFO: Run Behavior\BuildLiteBehavior [ RunTime:0.001000s ]
INFO: [ app_init ] --END-- [ RunTime:0.002000s ]
ERR: æ— æ³•åŠ è½½æ¨¡å—:Assets

[ 2015-03-31T09:46:57+08:00 ] 127.0.0.1 /acephp/admin.php/assets/images/gallery/thumb-3.jpg
INFO: [ app_init ] --START--
INFO: Run Behavior\BuildLiteBehavior [ RunTime:0.001000s ]
INFO: [ app_init ] --END-- [ RunTime:0.004000s ]
ERR: æ— æ³•åŠ è½½æ¨¡å—:Assets

[ 2015-03-31T09:46:57+08:00 ] 127.0.0.1 /acephp/admin.php/assets/images/gallery/thumb-6.jpg
INFO: [ app_init ] --START--
INFO: Run Behavior\BuildLiteBehavior [ RunTime:0.000000s ]
INFO: [ app_init ] --END-- [ RunTime:0.002000s ]
ERR: æ— æ³•åŠ è½½æ¨¡å—:Assets

[ 2015-03-31T09:46:57+08:00 ] 127.0.0.1 /acephp/admin.php/assets/css/colorbox.css
INFO: [ app_init ] --START--
INFO: Run Behavior\BuildLiteBehavior [ RunTime:0.001000s ]
INFO: [ app_init ] --END-- [ RunTime:0.001000s ]
ERR: æ— æ³•åŠ è½½æ¨¡å—:Assets

[ 2015-03-31T09:46:57+08:00 ] 127.0.0.1 /acephp/admin.php/assets/js/jquery.colorbox-min.js
INFO: [ app_init ] --START--
INFO: Run Behavior\BuildLiteBehavior [ RunTime:0.000000s ]
INFO: [ app_init ] --END-- [ RunTime:0.001000s ]
ERR: æ— æ³•åŠ è½½æ¨¡å—:Assets

[ 2015-03-31T09:48:49+08:00 ] 127.0.0.1 /acephp/admin.php/assets/css/colorbox.css
INFO: [ app_init ] --START--
INFO: Run Behavior\BuildLiteBehavior [ RunTime:0.001000s ]
INFO: [ app_init ] --END-- [ RunTime:0.004000s ]
ERR: æ— æ³•åŠ è½½æ¨¡å—:Assets

[ 2015-03-31T09:49:06+08:00 ] 127.0.0.1 /acephp/admin.php/assets/images/gallery/thumb-4.jpg
INFO: [ app_init ] --START--
INFO: Run Behavior\BuildLiteBehavior [ RunTime:0.000000s ]
INFO: [ app_init ] --END-- [ RunTime:0.031000s ]
ERR: æ— æ³•åŠ è½½æ¨¡å—:Assets

[ 2015-03-31T09:49:06+08:00 ] 127.0.0.1 /acephp/admin.php/assets/images/gallery/thumb-5.jpg
INFO: [ app_init ] --START--
INFO: Run Behavior\BuildLiteBehavior [ RunTime:0.000000s ]
INFO: [ app_init ] --END-- [ RunTime:0.031000s ]
ERR: æ— æ³•åŠ è½½æ¨¡å—:Assets

[ 2015-03-31T09:49:06+08:00 ] 127.0.0.1 /acephp/admin.php/assets/images/gallery/thumb-2.jpg
INFO: [ app_init ] --START--
INFO: Run Behavior\BuildLiteBehavior [ RunTime:0.000000s ]
INFO: [ app_init ] --END-- [ RunTime:0.032000s ]
ERR: æ— æ³•åŠ è½½æ¨¡å—:Assets

[ 2015-03-31T09:49:07+08:00 ] 127.0.0.1 /acephp/admin.php/assets/css/colorbox.css
INFO: [ app_init ] --START--
INFO: Run Behavior\BuildLiteBehavior [ RunTime:0.001000s ]
INFO: [ app_init ] --END-- [ RunTime:0.002000s ]
ERR: æ— æ³•åŠ è½½æ¨¡å—:Assets

[ 2015-03-31T09:49:07+08:00 ] 127.0.0.1 /acephp/admin.php/assets/js/jquery.colorbox-min.js
INFO: [ app_init ] --START--
INFO: Run Behavior\BuildLiteBehavior [ RunTime:0.000000s ]
INFO: [ app_init ] --END-- [ RunTime:0.002000s ]
ERR: æ— æ³•åŠ è½½æ¨¡å—:Assets

[ 2015-03-31T09:53:31+08:00 ] 127.0.0.1 /acephp/admin.php/assets/images/gallery/thumb-1.jpg
INFO: [ app_init ] --START--
INFO: Run Behavior\BuildLiteBehavior [ RunTime:0.000000s ]
INFO: [ app_init ] --END-- [ RunTime:0.004001s ]
ERR: æ— æ³•åŠ è½½æ¨¡å—:Assets

[ 2015-03-31T09:53:31+08:00 ] 127.0.0.1 /acephp/admin.php/assets/images/gallery/thumb-3.jpg
INFO: [ app_init ] --START--
INFO: Run Behavior\BuildLiteBehavior [ RunTime:0.000000s ]
INFO: [ app_init ] --END-- [ RunTime:0.001000s ]
ERR: æ— æ³•åŠ è½½æ¨¡å—:Assets

[ 2015-03-31T09:53:31+08:00 ] 127.0.0.1 /acephp/admin.php/assets/images/gallery/thumb-2.jpg
INFO: [ app_init ] --START--
INFO: Run Behavior\BuildLiteBehavior [ RunTime:0.000000s ]
INFO: [ app_init ] --END-- [ RunTime:0.004001s ]
ERR: æ— æ³•åŠ è½½æ¨¡å—:Assets

[ 2015-03-31T09:53:31+08:00 ] 127.0.0.1 /acephp/admin.php/assets/images/gallery/thumb-6.jpg
INFO: [ app_init ] --START--
INFO: Run Behavior\BuildLiteBehavior [ RunTime:0.000000s ]
INFO: [ app_init ] --END-- [ RunTime:0.002000s ]
ERR: æ— æ³•åŠ è½½æ¨¡å—:Assets

[ 2015-03-31T09:53:31+08:00 ] 127.0.0.1 /acephp/admin.php/assets/images/gallery/thumb-5.jpg
INFO: [ app_init ] --START--
INFO: Run Behavior\BuildLiteBehavior [ RunTime:0.000000s ]
INFO: [ app_init ] --END-- [ RunTime:0.005000s ]
ERR: æ— æ³•åŠ è½½æ¨¡å—:Assets

[ 2015-03-31T09:53:31+08:00 ] 127.0.0.1 /acephp/admin.php/assets/images/gallery/thumb-4.jpg
INFO: [ app_init ] --START--
INFO: Run Behavior\BuildLiteBehavior [ RunTime:0.000000s ]
INFO: [ app_init ] --END-- [ RunTime:0.005000s ]
ERR: æ— æ³•åŠ è½½æ¨¡å—:Assets

[ 2015-03-31T09:53:31+08:00 ] 127.0.0.1 /acephp/admin.php/assets/js/jquery.colorbox-min.js
INFO: [ app_init ] --START--
INFO: Run Behavior\BuildLiteBehavior [ RunTime:0.000000s ]
INFO: [ app_init ] --END-- [ RunTime:0.002000s ]
ERR: æ— æ³•åŠ è½½æ¨¡å—:Assets

[ 2015-03-31T09:53:31+08:00 ] 127.0.0.1 /acephp/admin.php/assets/css/colorbox.css
INFO: [ app_init ] --START--
INFO: Run Behavior\BuildLiteBehavior [ RunTime:0.000000s ]
INFO: [ app_init ] --END-- [ RunTime:0.002000s ]
ERR: æ— æ³•åŠ è½½æ¨¡å—:Assets

[ 2015-03-31T11:00:06+08:00 ] 127.0.0.1 /acephp/admin.php/assets/js/prettify.js
INFO: [ app_init ] --START--
INFO: Run Behavior\BuildLiteBehavior [ RunTime:0.001000s ]
INFO: [ app_init ] --END-- [ RunTime:0.001000s ]
ERR: æ— æ³•åŠ è½½æ¨¡å—:Assets

[ 2015-03-31T11:00:06+08:00 ] 127.0.0.1 /acephp/admin.php/assets/css/prettify.css
INFO: [ app_init ] --START--
INFO: Run Behavior\BuildLiteBehavior [ RunTime:0.000000s ]
INFO: [ app_init ] --END-- [ RunTime:0.001000s ]
ERR: æ— æ³•åŠ è½½æ¨¡å—:Assets

[ 2015-03-31T11:00:15+08:00 ] 127.0.0.1 /acephp/admin.php/assets/js/bootbox.min.js
INFO: [ app_init ] --START--
INFO: Run Behavior\BuildLiteBehavior [ RunTime:0.000000s ]
INFO: [ app_init ] --END-- [ RunTime:0.002000s ]
ERR: æ— æ³•åŠ è½½æ¨¡å—:Assets

[ 2015-03-31T11:00:15+08:00 ] 127.0.0.1 /acephp/admin.php/assets/js/jquery-ui.custom.min.js
INFO: [ app_init ] --START--
INFO: Run Behavior\BuildLiteBehavior [ RunTime:0.000000s ]
INFO: [ app_init ] --END-- [ RunTime:0.003000s ]
ERR: æ— æ³•åŠ è½½æ¨¡å—:Assets

[ 2015-03-31T11:00:16+08:00 ] 127.0.0.1 /acephp/admin.php/assets/js/jquery.ui.touch-punch.min.js
INFO: [ app_init ] --START--
INFO: Run Behavior\BuildLiteBehavior [ RunTime:0.000000s ]
INFO: [ app_init ] --END-- [ RunTime:0.004000s ]
ERR: æ— æ³•åŠ è½½æ¨¡å—:Assets

[ 2015-03-31T11:00:16+08:00 ] 127.0.0.1 /acephp/admin.php/assets/css/jquery-ui.custom.min.css
INFO: [ app_init ] --START--
INFO: Run Behavior\BuildLiteBehavior [ RunTime:0.000000s ]
INFO: [ app_init ] --END-- [ RunTime:0.003001s ]
ERR: æ— æ³•åŠ è½½æ¨¡å—:Assets

[ 2015-03-31T11:00:16+08:00 ] 127.0.0.1 /acephp/admin.php/assets/css/jquery.gritter.css
INFO: [ app_init ] --START--
INFO: Run Behavior\BuildLiteBehavior [ RunTime:0.001000s ]
INFO: [ app_init ] --END-- [ RunTime:0.007001s ]
ERR: æ— æ³•åŠ è½½æ¨¡å—:Assets

[ 2015-03-31T11:00:16+08:00 ] 127.0.0.1 /acephp/admin.php/assets/js/jquery.easypiechart.min.js
INFO: [ app_init ] --START--
INFO: Run Behavior\BuildLiteBehavior [ RunTime:0.000000s ]
INFO: [ app_init ] --END-- [ RunTime:0.004000s ]
ERR: æ— æ³•åŠ è½½æ¨¡å—:Assets

[ 2015-03-31T11:00:16+08:00 ] 127.0.0.1 /acephp/admin.php/assets/js/spin.min.js
INFO: [ app_init ] --START--
INFO: Run Behavior\BuildLiteBehavior [ RunTime:0.001000s ]
INFO: [ app_init ] --END-- [ RunTime:0.002001s ]
ERR: æ— æ³•åŠ è½½æ¨¡å—:Assets

[ 2015-03-31T11:00:16+08:00 ] 127.0.0.1 /acephp/admin.php/assets/js/jquery.gritter.min.js
INFO: [ app_init ] --START--
INFO: Run Behavior\BuildLiteBehavior [ RunTime:0.000000s ]
INFO: [ app_init ] --END-- [ RunTime:0.008001s ]
ERR: æ— æ³•åŠ è½½æ¨¡å—:Assets

[ 2015-03-31T11:31:37+08:00 ] 127.0.0.1 /acephp/admin.php/assets/avatars/avatar5.png
INFO: [ app_init ] --START--
INFO: Run Behavior\BuildLiteBehavior [ RunTime:0.001000s ]
INFO: [ app_init ] --END-- [ RunTime:0.004000s ]
ERR: æ— æ³•åŠ è½½æ¨¡å—:Assets

[ 2015-03-31T11:31:37+08:00 ] 127.0.0.1 /acephp/admin.php/assets/avatars/avatar1.png
INFO: [ app_init ] --START--
INFO: Run Behavior\BuildLiteBehavior [ RunTime:0.000000s ]
INFO: [ app_init ] --END-- [ RunTime:0.002000s ]
ERR: æ— æ³•åŠ è½½æ¨¡å—:Assets

[ 2015-03-31T11:31:37+08:00 ] 127.0.0.1 /acephp/admin.php/assets/avatars/profile-pic.jpg
INFO: [ app_init ] --START--
INFO: Run Behavior\BuildLiteBehavior [ RunTime:0.000000s ]
INFO: [ app_init ] --END-- [ RunTime:0.002000s ]
ERR: æ— æ³•åŠ è½½æ¨¡å—:Assets

[ 2015-03-31T11:31:37+08:00 ] 127.0.0.1 /acephp/admin.php/assets/avatars/avatar4.png
INFO: [ app_init ] --START--
INFO: Run Behavior\BuildLiteBehavior [ RunTime:0.000000s ]
INFO: [ app_init ] --END-- [ RunTime:0.002001s ]
ERR: æ— æ³•åŠ è½½æ¨¡å—:Assets

[ 2015-03-31T11:31:37+08:00 ] 127.0.0.1 /acephp/admin.php/assets/avatars/avatar.png
INFO: [ app_init ] --START--
INFO: Run Behavior\BuildLiteBehavior [ RunTime:0.000000s ]
INFO: [ app_init ] --END-- [ RunTime:0.001000s ]
ERR: æ— æ³•åŠ è½½æ¨¡å—:Assets

[ 2015-03-31T11:31:37+08:00 ] 127.0.0.1 /acephp/admin.php/assets/avatars/avatar2.png
INFO: [ app_init ] --START--
INFO: Run Behavior\BuildLiteBehavior [ RunTime:0.000000s ]
INFO: [ app_init ] --END-- [ RunTime:0.001001s ]
ERR: æ— æ³•åŠ è½½æ¨¡å—:Assets

[ 2015-03-31T11:31:37+08:00 ] 127.0.0.1 /acephp/admin.php/assets/css/jquery-ui.custom.min.css
INFO: [ app_init ] --START--
INFO: Run Behavior\BuildLiteBehavior [ RunTime:0.000000s ]
INFO: [ app_init ] --END-- [ RunTime:0.003001s ]
ERR: æ— æ³•åŠ è½½æ¨¡å—:Assets

[ 2015-03-31T11:31:38+08:00 ] 127.0.0.1 /acephp/admin.php/assets/css/select2.css
INFO: [ app_init ] --START--
INFO: Run Behavior\BuildLiteBehavior [ RunTime:0.000000s ]
INFO: [ app_init ] --END-- [ RunTime:0.001000s ]
ERR: æ— æ³•åŠ è½½æ¨¡å—:Assets

[ 2015-03-31T11:31:38+08:00 ] 127.0.0.1 /acephp/admin.php/assets/css/jquery.gritter.css
INFO: [ app_init ] --START--
INFO: Run Behavior\BuildLiteBehavior [ RunTime:0.000000s ]
INFO: [ app_init ] --END-- [ RunTime:0.002000s ]
ERR: æ— æ³•åŠ è½½æ¨¡å—:Assets

[ 2015-03-31T11:31:38+08:00 ] 127.0.0.1 /acephp/admin.php/assets/css/datepicker.css
INFO: [ app_init ] --START--
INFO: Run Behavior\BuildLiteBehavior [ RunTime:0.000000s ]
INFO: [ app_init ] --END-- [ RunTime:0.005000s ]
ERR: æ— æ³•åŠ è½½æ¨¡å—:Assets

[ 2015-03-31T11:31:38+08:00 ] 127.0.0.1 /acephp/admin.php/assets/css/bootstrap-editable.css
INFO: [ app_init ] --START--
INFO: Run Behavior\BuildLiteBehavior [ RunTime:0.000000s ]
INFO: [ app_init ] --END-- [ RunTime:0.004001s ]
ERR: æ— æ³•åŠ è½½æ¨¡å—:Assets

[ 2015-03-31T11:31:38+08:00 ] 127.0.0.1 /acephp/admin.php/assets/js/jquery-ui.custom.min.js
INFO: [ app_init ] --START--
INFO: Run Behavior\BuildLiteBehavior [ RunTime:0.000000s ]
INFO: [ app_init ] --END-- [ RunTime:0.007001s ]
ERR: æ— æ³•åŠ è½½æ¨¡å—:Assets

[ 2015-03-31T11:31:38+08:00 ] 127.0.0.1 /acephp/admin.php/assets/js/jquery.ui.touch-punch.min.js
INFO: [ app_init ] --START--
INFO: Run Behavior\BuildLiteBehavior [ RunTime:0.000000s ]
INFO: [ app_init ] --END-- [ RunTime:0.005000s ]
ERR: æ— æ³•åŠ è½½æ¨¡å—:Assets

[ 2015-03-31T11:31:38+08:00 ] 127.0.0.1 /acephp/admin.php/assets/js/jquery.gritter.min.js
INFO: [ app_init ] --START--
INFO: Run Behavior\BuildLiteBehavior [ RunTime:0.000000s ]
INFO: [ app_init ] --END-- [ RunTime:0.002000s ]
ERR: æ— æ³•åŠ è½½æ¨¡å—:Assets

[ 2015-03-31T11:31:38+08:00 ] 127.0.0.1 /acephp/admin.php/assets/js/bootbox.min.js
INFO: [ app_init ] --START--
INFO: Run Behavior\BuildLiteBehavior [ RunTime:0.000000s ]
INFO: [ app_init ] --END-- [ RunTime:0.004000s ]
ERR: æ— æ³•åŠ è½½æ¨¡å—:Assets

[ 2015-03-31T11:31:39+08:00 ] 127.0.0.1 /acephp/admin.php/assets/js/jquery.easypiechart.min.js
INFO: [ app_init ] --START--
INFO: Run Behavior\BuildLiteBehavior [ RunTime:0.000000s ]
INFO: [ app_init ] --END-- [ RunTime:0.003000s ]
ERR: æ— æ³•åŠ è½½æ¨¡å—:Assets

[ 2015-03-31T11:31:39+08:00 ] 127.0.0.1 /acephp/admin.php/assets/js/date-time/bootstrap-datepicker.min.js
INFO: [ app_init ] --START--
INFO: Run Behavior\BuildLiteBehavior [ RunTime:0.000000s ]
INFO: [ app_init ] --END-- [ RunTime:0.004001s ]
ERR: æ— æ³•åŠ è½½æ¨¡å—:Assets

[ 2015-03-31T11:31:39+08:00 ] 127.0.0.1 /acephp/admin.php/assets/js/fuelux/fuelux.spinner.min.js
INFO: [ app_init ] --START--
INFO: Run Behavior\BuildLiteBehavior [ RunTime:0.000000s ]
INFO: [ app_init ] --END-- [ RunTime:0.002000s ]
ERR: æ— æ³•åŠ è½½æ¨¡å—:Assets

[ 2015-03-31T11:31:39+08:00 ] 127.0.0.1 /acephp/admin.php/assets/js/jquery.hotkeys.min.js
INFO: [ app_init ] --START--
INFO: Run Behavior\BuildLiteBehavior [ RunTime:0.000000s ]
INFO: [ app_init ] --END-- [ RunTime:0.004000s ]
ERR: æ— æ³•åŠ è½½æ¨¡å—:Assets

¡å—:Assets

[ 2015-03-31T11:31:39+08:00 ] 127.0.0.1 /acephp/admin.php/assets/js/x-editable/ace-editable.min.js
INFO: [ app_init ] --START--
INFO: Run Behavior\BuildLiteBehavior [ RunTime:0.001000s ]
INFO: [ app_init ] --END-- [ RunTime:0.008001s ]
ERR: æ— æ³•åŠ è½½æ¨¡å—:Assets

[ 2015-03-31T11:31:39+08:00 ] 127.0.0.1 /acephp/admin.php/assets/js/jquery.maskedinput.min.js
INFO: [ app_init ] --START--
INFO: Run Behavior\BuildLiteBehavior [ RunTime:0.000000s ]
INFO: [ app_init ] --END-- [ RunTime:0.003000s ]
ERR: æ— æ³•åŠ è½½æ¨¡å—:Assets

[ 2015-03-31T11:31:39+08:00 ] 127.0.0.1 /acephp/admin.php/assets/avatars/avatar3.png
INFO: [ app_init ] --START--
INFO: Run Behavior\BuildLiteBehavior [ RunTime:0.001000s ]
INFO: [ app_init ] --END-- [ RunTime:0.010001s ]
ERR: æ— æ³•åŠ è½½æ¨¡å—:Assets

[ 2015-03-31T11:31:40+08:00 ] 127.0.0.1 /acephp/admin.php/assets/images/gallery/thumb-3.jpg
INFO: [ app_init ] --START--
INFO: Run Behavior\BuildLiteBehavior [ RunTime:0.000000s ]
INFO: [ app_init ] --END-- [ RunTime:0.002000s ]
ERR: æ— æ³•åŠ è½½æ¨¡å—:Assets

[ 2015-03-31T11:31:40+08:00 ] 127.0.0.1 /acephp/admin.php/assets/images/gallery/thumb-2.jpg
INFO: [ app_init ] --START--
INFO: Run Behavior\BuildLiteBehavior [ RunTime:0.001000s ]
INFO: [ app_init ] --END-- [ RunTime:0.004000s ]
ERR: æ— æ³•åŠ è½½æ¨¡å—:Assets

[ 2015-03-31T11:31:40+08:00 ] 127.0.0.1 /acephp/admin.php/assets/images/gallery/thumb-1.jpg
INFO: [ app_init ] --START--
INFO: Run Behavior\BuildLiteBehavior [ RunTime:0.000000s ]
INFO: [ app_init ] --END-- [ RunTime:0.003000s ]
ERR: æ— æ³•åŠ è½½æ¨¡å—:Assets

[ 2015-03-31T11:31:40+08:00 ] 127.0.0.1 /acephp/admin.php/assets/images/gallery/thumb-4.jpg
INFO: [ app_init ] --START--
INFO: Run Behavior\BuildLiteBehavior [ RunTime:0.000000s ]
INFO: [ app_init ] --END-- [ RunTime:0.003000s ]
ERR: æ— æ³•åŠ è½½æ¨¡å—:Assets

[ 2015-03-31T11:31:40+08:00 ] 127.0.0.1 /acephp/admin.php/assets/images/gallery/thumb-5.jpg
INFO: [ app_init ] --START--
INFO: Run Behavior\BuildLiteBehavior [ RunTime:0.000000s ]
INFO: [ app_init ] --END-- [ RunTime:0.001001s ]
ERR: æ— æ³•åŠ è½½æ¨¡å—:Assets

[ 2015-03-31T11:31:40+08:00 ] 127.0.0.1 /acephp/admin.php/assets/images/gallery/thumb-6.jpg
INFO: [ app_init ] --START--
INFO: Run Behavior\BuildLiteBehavior [ RunTime:0.001000s ]
INFO: [ app_init ] --END-- [ RunTime:0.004000s ]
ERR: æ— æ³•åŠ è½½æ¨¡å—:Assets

[ 2015-03-31T11:33:39+08:00 ] 127.0.0.1 /acephp/admin.php/assets/avatars/profile-pic.jpg
INFO: [ app_init ] --START--
INFO: Run Behavior\BuildLiteBehavior [ RunTime:0.000000s ]
INFO: [ app_init ] --END-- [ RunTime:0.002000s ]
ERR: æ— æ³•åŠ è½½æ¨¡å—:Assets

[ 2015-03-31T11:33:39+08:00 ] 127.0.0.1 /acephp/admin.php/assets/avatars/avatar5.png
INFO: [ app_init ] --START--
INFO: Run Behavior\BuildLiteBehavior [ RunTime:0.000000s ]
INFO: [ app_init ] --END-- [ RunTime:0.007001s ]
ERR: æ— æ³•åŠ è½½æ¨¡å—:Assets

[ 2015-03-31T11:33:39+08:00 ] 127.0.0.1 /acephp/admin.php/assets/avatars/avatar.png
INFO: [ app_init ] --START--
INFO: Run Behavior\BuildLiteBehavior [ RunTime:0.001000s ]
INFO: [ app_init ] --END-- [ RunTime:0.010001s ]
ERR: æ— æ³•åŠ è½½æ¨¡å—:Assets

[ 2015-03-31T11:33:39+08:00 ] 127.0.0.1 /acephp/admin.php/assets/avatars/avatar4.png
INFO: [ app_init ] --START--
INFO: Run Behavior\BuildLiteBehavior [ RunTime:0.000000s ]
INFO: [ app_init ] --END-- [ RunTime:0.003001s ]
ERR: æ— æ³•åŠ è½½æ¨¡å—:Assets

[ 2015-03-31T11:33:39+08:00 ] 127.0.0.1 /acephp/admin.php/assets/avatars/avatar1.png
INFO: [ app_init ] --START--
INFO: Run Behavior\BuildLiteBehavior [ RunTime:0.000000s ]
INFO: [ app_init ] --END-- [ RunTime:0.003001s ]
ERR: æ— æ³•åŠ è½½æ¨¡å—:Assets

[ 2015-03-31T11:33:39+08:00 ] 127.0.0.1 /acephp/admin.php/assets/avatars/avatar2.png
INFO: [ app_init ] --START--
INFO: Run Behavior\BuildLiteBehavior [ RunTime:0.000000s ]
INFO: [ app_init ] --END-- [ RunTime:0.002001s ]
ERR: æ— æ³•åŠ è½½æ¨¡å—:Assets

[ 2015-03-31T11:33:39+08:00 ] 127.0.0.1 /acephp/admin.php/assets/css/jquery-ui.custom.min.css
INFO: [ app_init ] --START--
INFO: Run Behavior\BuildLiteBehavior [ RunTime:0.002001s ]
INFO: [ app_init ] --END-- [ RunTime:0.006001s ]
ERR: æ— æ³•åŠ è½½æ¨¡å—:Assets

[ 2015-03-31T11:33:39+08:00 ] 127.0.0.1 /acephp/admin.php/assets/css/datepicker.css
INFO: [ app_init ] --START--
INFO: Run Behavior\BuildLiteBehavior [ RunTime:0.000000s ]
INFO: [ app_init ] --END-- [ RunTime:0.002000s ]
ERR: æ— æ³•åŠ è½½æ¨¡å—:Assets

[ 2015-03-31T11:33:39+08:00 ] 127.0.0.1 /acephp/admin.php/assets/js/jquery-ui.custom.min.js
INFO: [ app_init ] --START--
INFO: Run Behavior\BuildLiteBehavior [ RunTime:0.000000s ]
INFO: [ app_init ] --END-- [ RunTime:0.004001s ]
ERR: æ— æ³•åŠ è½½æ¨¡å—:Assets

[ 2015-03-31T11:33:39+08:00 ] 127.0.0.1 /acephp/admin.php/assets/css/bootstrap-editable.css
INFO: [ app_init ] --START--
INFO: Run Behavior\BuildLiteBehavior [ RunTime:0.000000s ]
INFO: [ app_init ] --END-- [ RunTime:0.002000s ]
ERR: æ— æ³•åŠ è½½æ¨¡å—:Assets

[ 2015-03-31T11:33:39+08:00 ] 127.0.0.1 /acephp/admin.php/assets/css/select2.css
INFO: [ app_init ] --START--
INFO: Run Behavior\BuildLiteBehavior [ RunTime:0.000000s ]
INFO: [ app_init ] --END-- [ RunTime:0.004000s ]
ERR: æ— æ³•åŠ è½½æ¨¡å—:Assets

[ 2015-03-31T11:33:39+08:00 ] 127.0.0.1 /acephp/admin.php/assets/css/jquery.gritter.css
INFO: [ app_init ] --START--
INFO: Run Behavior\BuildLiteBehavior [ RunTime:0.000000s ]
INFO: [ app_init ] --END-- [ RunTime:0.005000s ]
ERR: æ— æ³•åŠ è½½æ¨¡å—:Assets

[ 2015-03-31T11:33:40+08:00 ] 127.0.0.1 /acephp/admin.php/assets/js/jquery.ui.touch-punch.min.js
INFO: [ app_init ] --START--
INFO: Run Behavior\BuildLiteBehavior [ RunTime:0.000000s ]
INFO: [ app_init ] --END-- [ RunTime:0.003000s ]
ERR: æ— æ³•åŠ è½½æ¨¡å—:Assets

[ 2015-03-31T11:33:40+08:00 ] 127.0.0.1 /acephp/admin.php/assets/js/jquery.gritter.min.js
INFO: [ app_init ] --START--
INFO: Run Behavior\BuildLiteBehavior [ RunTime:0.000000s ]
INFO: [ app_init ] --END-- [ RunTime:0.001000s ]
ERR: æ— æ³•åŠ è½½æ¨¡å—:Assets

[ 2015-03-31T11:33:40+08:00 ] 127.0.0.1 /acephp/admin.php/assets/js/bootbox.min.js
INFO: [ app_init ] --START--
INFO: Run Behavior\BuildLiteBehavior [ RunTime:0.000000s ]
INFO: [ app_init ] --END-- [ RunTime:0.002000s ]
ERR: æ— æ³•åŠ è½½æ¨¡å—:Assets

[ 2015-03-31T11:33:40+08:00 ] 127.0.0.1 /acephp/admin.php/assets/js/jquery.easypiechart.min.js
INFO: [ app_init ] --START--
INFO: Run Behavior\BuildLiteBehavior [ RunTime:0.001001s ]
INFO: [ app_init ] --END-- [ RunTime:0.003001s ]
ERR: æ— æ³•åŠ è½½æ¨¡å—:Assets

[ 2015-03-31T11:33:40+08:00 ] 127.0.0.1 /acephp/admin.php/assets/js/date-time/bootstrap-datepicker.min.js
INFO: [ app_init ] --START--
INFO: Run Behavior\BuildLiteBehavior [ RunTime:0.000000s ]
INFO: [ app_init ] --END-- [ RunTime:0.002000s ]
ERR: æ— æ³•åŠ è½½æ¨¡å—:Assets

[ 2015-03-31T11:33:40+08:00 ] 127.0.0.1 /acephp/admin.php/assets/js/jquery.hotkeys.min.js
INFO: [ app_init ] --START--
INFO: Run Behavior\BuildLiteBehavior [ RunTime:0.000000s ]
INFO: [ app_init ] --END-- [ RunTime:0.003000s ]
ERR: æ— æ³•åŠ è½½æ¨¡å—:Assets

[ 2015-03-31T11:33:40+08:00 ] 127.0.0.1 /acephp/admin.php/assets/js/bootstrap-wysiwyg.min.js
INFO: [ app_init ] --START--
INFO: Run Behavior\BuildLiteBehavior [ RunTime:0.001000s ]
INFO: [ app_init ] --END-- [ RunTime:0.002000s ]
ERR: æ— æ³•åŠ è½½æ¨¡å—:Assets

[ 2015-03-31T11:33:40+08:00 ] 127.0.0.1 /acephp/admin.php/assets/js/fuelux/fuelux.spinner.min.js
INFO: [ app_init ] --START--
INFO: Run Behavior\BuildLiteBehavior [ RunTime:0.000000s ]
INFO: [ app_init ] --END-- [ RunTime:0.002000s ]
ERR: æ— æ³•åŠ è½½æ¨¡å—:Assets

[ 2015-03-31T11:33:40+08:00 ] 127.0.0.1 /acephp/admin.php/assets/js/select2.min.js
INFO: [ app_init ] --START--
INFO: Run Behavior\BuildLiteBehavior [ RunTime:0.000000s ]
INFO: [ app_init ] --END-- [ RunTime:0.002000s ]
ERR: æ— æ³•åŠ è½½æ¨¡å—:Assets

[ 2015-03-31T11:33:41+08:00 ] 127.0.0.1 /acephp/admin.php/assets/js/x-editable/ace-editable.min.js
INFO: [ app_init ] --START--
INFO: Run Behavior\BuildLiteBehavior [ RunTime:0.000000s ]
INFO: [ app_init ] --END-- [ RunTime:0.003000s ]
ERR: æ— æ³•åŠ è½½æ¨¡å—:Assets

[ 2015-03-31T11:33:41+08:00 ] 127.0.0.1 /acephp/admin.php/assets/js/x-editable/bootstrap-editable.min.js
INFO: [ app_init ] --START--
INFO: Run Behavior\BuildLiteBehavior [ RunTime:0.000000s ]
INFO: [ app_init ] --END-- [ RunTime:0.001000s ]
ERR: æ— æ³•åŠ è½½æ¨¡å—:Assets

[ 2015-03-31T11:33:41+08:00 ] 127.0.0.1 /acephp/admin.php/assets/js/jquery.maskedinput.min.js
INFO: [ app_init ] --START--
INFO: Run Behavior\BuildLiteBehavior [ RunTime:0.001000s ]
INFO: [ app_init ] --END-- [ RunTime:0.002000s ]
ERR: æ— æ³•åŠ è½½æ¨¡å—:Assets

[ 2015-03-31T11:33:41+08:00 ] 127.0.0.1 /acephp/admin.php/assets/images/gallery/thumb-1.jpg
INFO: [ app_init ] --START--
INFO: Run Behavior\BuildLiteBehavior [ RunTime:0.000000s ]
INFO: [ app_init ] --END-- [ RunTime:0.007001s ]
ERR: æ— æ³•åŠ è½½æ¨¡å—:Assets

[ 2015-03-31T11:33:41+08:00 ] 127.0.0.1 /acephp/admin.php/assets/images/gallery/thumb-2.jpg
INFO: [ app_init ] --START--
INFO: Run Behavior\BuildLiteBehavior [ RunTime:0.001000s ]
INFO: [ app_init ] --END-- [ RunTime:0.005000s ]
ERR: æ— æ³•åŠ è½½æ¨¡å—:Assets

[ 2015-03-31T11:33:41+08:00 ] 127.0.0.1 /acephp/admin.php/assets/avatars/avatar3.png
INFO: [ app_init ] --START--
INFO: Run Behavior\BuildLiteBehavior [ RunTime:0.000000s ]
INFO: [ app_init ] --END-- [ RunTime:0.002000s ]
ERR: æ— æ³•åŠ è½½æ¨¡å—:Assets

[ 2015-03-31T11:33:41+08:00 ] 127.0.0.1 /acephp/admin.php/assets/images/gallery/thumb-3.jpg
INFO: [ app_init ] --START--
INFO: Run Behavior\BuildLiteBehavior [ RunTime:0.000000s ]
INFO: [ app_init ] --END-- [ RunTime:0.003000s ]
ERR: æ— æ³•åŠ è½½æ¨¡å—:Assets

[ 2015-03-31T11:33:41+08:00 ] 127.0.0.1 /acephp/admin.php/assets/images/gallery/thumb-4.jpg
INFO: [ app_init ] --START--
INFO: Run Behavior\BuildLiteBehavior [ RunTime:0.000000s ]
INFO: [ app_init ] --END-- [ RunTime:0.002000s ]
ERR: æ— æ³•åŠ è½½æ¨¡å—:Assets

[ 2015-03-31T11:33:41+08:00 ] 127.0.0.1 /acephp/admin.php/assets/images/gallery/thumb-5.jpg
INFO: [ app_init ] --START--
INFO: Run Behavior\BuildLiteBehavior [ RunTime:0.000000s ]
INFO: [ app_init ] --END-- [ RunTime:0.004001s ]
ERR: æ— æ³•åŠ è½½æ¨¡å—:Assets

[ 2015-03-31T11:33:41+08:00 ] 127.0.0.1 /acephp/admin.php/assets/images/gallery/thumb-6.jpg
INFO: [ app_init ] --START--
INFO: Run Behavior\BuildLiteBehavior [ RunTime:0.000000s ]
INFO: [ app_init ] --END-- [ RunTime:0.002000s ]
ERR: æ— æ³•åŠ è½½æ¨¡å—:Assets

[ 2015-03-31T11:34:32+08:00 ] 127.0.0.1 /acephp/admin.php/assets/avatars/avatar2.png
INFO: [ app_init ] --START--
INFO: Run Behavior\BuildLiteBehavior [ RunTime:0.000000s ]
INFO: [ app_init ] --END-- [ RunTime:0.002000s ]
ERR: æ— æ³•åŠ è½½æ¨¡å—:Assets

[ 2015-03-31T11:34:32+08:00 ] 127.0.0.1 /acephp/admin.php/assets/avatars/profile-pic.jpg
INFO: [ app_init ] --START--
INFO: Run Behavior\BuildLiteBehavior [ RunTime:0.000000s ]
INFO: [ app_init ] --END-- [ RunTime:0.006000s ]
ERR: æ— æ³•åŠ è½½æ¨¡å—:Assets

[ 2015-03-31T11:34:32+08:00 ] 127.0.0.1 /acephp/admin.php/assets/avatars/avatar5.png
INFO: [ app_init ] --START--
INFO: Run Behavior\BuildLiteBehavior [ RunTime:0.001000s ]
INFO: [ app_init ] --END-- [ RunTime:0.002000s ]
ERR: æ— æ³•åŠ è½½æ¨¡å—:Assets

[ 2015-03-31T11:34:32+08:00 ] 127.0.0.1 /acephp/admin.php/assets/avatars/avatar.png
INFO: [ app_init ] --START--
INFO: Run Behavior\BuildLiteBehavior [ RunTime:0.000000s ]
INFO: [ app_init ] --END-- [ RunTime:0.002000s ]
ERR: æ— æ³•åŠ è½½æ¨¡å—:Assets

[ 2015-03-31T11:34:32+08:00 ] 127.0.0.1 /acephp/admin.php/assets/avatars/avatar4.png
INFO: [ app_init ] --START--
INFO: Run Behavior\BuildLiteBehavior [ RunTime:0.000000s ]
INFO: [ app_init ] --END-- [ RunTime:0.002000s ]
ERR: æ— æ³•åŠ è½½æ¨¡å—:Assets

[ 2015-03-31T11:34:32+08:00 ] 127.0.0.1 /acephp/admin.php/assets/css/jquery-ui.custom.min.css
INFO: [ app_init ] --START--
INFO: Run Behavior\BuildLiteBehavior [ RunTime:0.000000s ]
INFO: [ app_init ] --END-- [ RunTime:0.003000s ]
ERR: æ— æ³•åŠ è½½æ¨¡å—:Assets

[ 2015-03-31T11:34:32+08:00 ] 127.0.0.1 /acephp/admin.php/assets/css/bootstrap-editable.css
INFO: [ app_init ] --START--
INFO: Run Behavior\BuildLiteBehavior [ RunTime:0.001000s ]
INFO: [ app_init ] --END-- [ RunTime:0.003000s ]
ERR: æ— æ³•åŠ è½½æ¨¡å—:Assets

[ 2015-03-31T11:34:32+08:00 ] 127.0.0.1 /acephp/admin.php/assets/css/jquery.gritter.css
INFO: [ app_init ] --START--
INFO: Run Behavior\BuildLiteBehavior [ RunTime:0.000000s ]
INFO: [ app_init ] --END-- [ RunTime:0.003000s ]
ERR: æ— æ³•åŠ è½½æ¨¡å—:Assets

[ 2015-03-31T11:34:32+08:00 ] 127.0.0.1 /acephp/admin.php/assets/css/datepicker.css
INFO: [ app_init ] --START--
INFO: Run Behavior\BuildLiteBehavior [ RunTime:0.000000s ]
INFO: [ app_init ] --END-- [ RunTime:0.006001s ]
ERR: æ— æ³•åŠ è½½æ¨¡å—:Assets

[ 2015-03-31T11:34:32+08:00 ] 127.0.0.1 /acephp/admin.php/assets/css/select2.css
INFO: [ app_init ] --START--
INFO: Run Behavior\BuildLiteBehavior [ RunTime:0.000000s ]
INFO: [ app_init ] --END-- [ RunTime:0.001000s ]
ERR: æ— æ³•åŠ è½½æ¨¡å—:Assets

[ 2015-03-31T11:34:33+08:00 ] 127.0.0.1 /acephp/admin.php/assets/js/jquery-ui.custom.min.js
INFO: [ app_init ] --START--
INFO: Run Behavior\BuildLiteBehavior [ RunTime:0.000000s ]
INFO: [ app_init ] --END-- [ RunTime:0.001000s ]
ERR: æ— æ³•åŠ è½½æ¨¡å—:Assets

[ 2015-03-31T11:34:33+08:00 ] 127.0.0.1 /acephp/admin.php/assets/js/jquery.ui.touch-punch.min.js
INFO: [ app_init ] --START--
INFO: Run Behavior\BuildLiteBehavior [ RunTime:0.000000s ]
INFO: [ app_init ] --END-- [ RunTime:0.002000s ]
ERR: æ— æ³•åŠ è½½æ¨¡å—:Assets

[ 2015-03-31T11:34:33+08:00 ] 127.0.0.1 /acephp/admin.php/assets/js/bootbox.min.js
INFO: [ app_init ] --START--
INFO: Run Behavior\BuildLiteBehavior [ RunTime:0.000000s ]
INFO: [ app_init ] --END-- [ RunTime:0.004001s ]
ERR: æ— æ³•åŠ è½½æ¨¡å—:Assets

[ 2015-03-31T11:34:33+08:00 ] 127.0.0.1 /acephp/admin.php/assets/js/jquery.easypiechart.min.js
INFO: [ app_init ] --START--
INFO: Run Behavior\BuildLiteBehavior [ RunTime:0.000000s ]
INFO: [ app_init ] --END-- [ RunTime:0.002000s ]
ERR: æ— æ³•åŠ è½½æ¨¡å—:Assets

[ 2015-03-31T11:34:33+08:00 ] 127.0.0.1 /acephp/admin.php/assets/js/jquery.gritter.min.js
INFO: [ app_init ] --START--
INFO: Run Behavior\BuildLiteBehavior [ RunTime:0.000000s ]
INFO: [ app_init ] --END-- [ RunTime:0.003000s ]
ERR: æ— æ³•åŠ è½½æ¨¡å—:Assets

[ 2015-03-31T11:34:33+08:00 ] 127.0.0.1 /acephp/admin.php/assets/js/date-time/bootstrap-datepicker.min.js
INFO: [ app_init ] --START--
INFO: Run Behavior\BuildLiteBehavior [ RunTime:0.000000s ]
INFO: [ app_init ] --END-- [ RunTime:0.002001s ]
ERR: æ— æ³•åŠ è½½æ¨¡å—:Assets

[ 2015-03-31T11:34:33+08:00 ] 127.0.0.1 /acephp/admin.php/assets/js/bootstrap-wysiwyg.min.js
INFO: [ app_init ] --START--
INFO: Run Behavior\BuildLiteBehavior [ RunTime:0.000000s ]
INFO: [ app_init ] --END-- [ RunTime:0.001000s ]
ERR: æ— æ³•åŠ è½½æ¨¡å—:Assets

[ 2015-03-31T11:34:33+08:00 ] 127.0.0.1 /acephp/admin.php/assets/js/select2.min.js
INFO: [ app_init ] --START--
INFO: Run Behavior\BuildLiteBehavior [ RunTime:0.000000s ]
INFO: [ app_init ] --END-- [ RunTime:0.005001s ]
ERR: æ— æ³•åŠ è½½æ¨¡å—:Assets

[ 2015-03-31T11:34:33+08:00 ] 127.0.0.1 /acephp/admin.php/assets/js/fuelux/fuelux.spinner.min.js
INFO: [ app_init ] --START--
INFO: Run Behavior\BuildLiteBehavior [ RunTime:0.000000s ]
INFO: [ app_init ] --END-- [ RunTime:0.004000s ]
ERR: æ— æ³•åŠ è½½æ¨¡å—:Assets

[ 2015-03-31T11:34:33+08:00 ] 127.0.0.1 /acephp/admin.php/assets/js/x-editable/bootstrap-editable.min.js
INFO: [ app_init ] --START--
INFO: Run Behavior\BuildLiteBehavior [ RunTime:0.000000s ]
INFO: [ app_init ] --END-- [ RunTime:0.003001s ]
ERR: æ— æ³•åŠ è½½æ¨¡å—:Assets

[ 2015-03-31T11:34:33+08:00 ] 127.0.0.1 /acephp/admin.php/assets/avatars/avatar3.png
INFO: [ app_init ] --START--
INFO: Run Behavior\BuildLiteBehavior [ RunTime:0.001000s ]
INFO: [ app_init ] --END-- [ RunTime:0.004000s ]
ERR: æ— æ³•åŠ è½½æ¨¡å—:Assets

[ 2015-03-31T11:34:33+08:00 ] 127.0.0.1 /acephp/admin.php/assets/js/x-editable/ace-editable.min.js
INFO: [ app_init ] --START--
INFO: Run Behavior\BuildLiteBehavior [ RunTime:0.001001s ]
INFO: [ app_init ] --END-- [ RunTime:0.004001s ]
ERR: æ— æ³•åŠ è½½æ¨¡å—:Assets

[ 2015-03-31T11:34:33+08:00 ] 127.0.0.1 /acephp/admin.php/assets/js/jquery.maskedinput.min.js
INFO: [ app_init ] --START--
INFO: Run Behavior\BuildLiteBehavior [ RunTime:0.000000s ]
INFO: [ app_init ] --END-- [ RunTime:0.009001s ]
ERR: æ— æ³•åŠ è½½æ¨¡å—:Assets

[ 2015-03-31T11:34:33+08:00 ] 127.0.0.1 /acephp/admin.php/assets/images/gallery/thumb-1.jpg
INFO: [ app_init ] --START--
INFO: Run Behavior\BuildLiteBehavior [ RunTime:0.001000s ]
INFO: [ app_init ] --END-- [ RunTime:0.002000s ]
ERR: æ— æ³•åŠ è½½æ¨¡å—:Assets

[ 2015-03-31T11:34:33+08:00 ] 127.0.0.1 /acephp/admin.php/assets/images/gallery/thumb-2.jpg
INFO: [ app_init ] --START--
INFO: Run Behavior\BuildLiteBehavior [ RunTime:0.000000s ]
INFO: [ app_init ] --END-- [ RunTime:0.004000s ]
ERR: æ— æ³•åŠ è½½æ¨¡å—:Assets

[ 2015-03-31T11:34:33+08:00 ] 127.0.0.1 /acephp/admin.php/assets/images/gallery/thumb-4.jpg
INFO: [ app_init ] --START--
INFO: Run Behavior\BuildLiteBehavior [ RunTime:0.000000s ]
INFO: [ app_init ] --END-- [ RunTime:0.002000s ]
ERR: æ— æ³•åŠ è½½æ¨¡å—:Assets

[ 2015-03-31T11:34:33+08:00 ] 127.0.0.1 /acephp/admin.php/assets/images/gallery/thumb-3.jpg
INFO: [ app_init ] --START--
INFO: Run Behavior\BuildLiteBehavior [ RunTime:0.000000s ]
INFO: [ app_init ] --END-- [ RunTime:0.002000s ]
ERR: æ— æ³•åŠ è½½æ¨¡å—:Assets

[ 2015-03-31T11:34:33+08:00 ] 127.0.0.1 /acephp/admin.php/assets/images/gallery/thumb-6.jpg
INFO: [ app_init ] --START--
INFO: Run Behavior\BuildLiteBehavior [ RunTime:0.000000s ]
INFO: [ app_init ] --END-- [ RunTime:0.002000s ]
ERR: æ— æ³•åŠ è½½æ¨¡å—:Assets

[ 2015-03-31T11:34:33+08:00 ] 127.0.0.1 /acephp/admin.php/assets/images/gallery/thumb-5.jpg
INFO: [ app_init ] --START--
INFO: Run Behavior\BuildLiteBehavior [ RunTime:0.001000s ]
INFO: [ app_init ] --END-- [ RunTime:0.002000s ]
ERR: æ— æ³•åŠ è½½æ¨¡å—:Assets

[ 2015-03-31T11:35:40+08:00 ] 127.0.0.1 /acephp/admin.php/assets/avatars/avatar5.png
INFO: [ app_init ] --START--
INFO: Run Behavior\BuildLiteBehavior [ RunTime:0.000000s ]
INFO: [ app_init ] --END-- [ RunTime:0.003001s ]
ERR: æ— æ³•åŠ è½½æ¨¡å—:Assets

[ 2015-03-31T11:35:40+08:00 ] 127.0.0.1 /acephp/admin.php/assets/avatars/profile-pic.jpg
INFO: [ app_init ] --START--
INFO: Run Behavior\BuildLiteBehavior [ RunTime:0.000000s ]
INFO: [ app_init ] --END-- [ RunTime:0.003001s ]
ERR: æ— æ³•åŠ è½½æ¨¡å—:Assets

[ 2015-03-31T11:35:40+08:00 ] 127.0.0.1 /acephp/admin.php/assets/avatars/avatar4.png
INFO: [ app_init ] --START--
INFO: Run Behavior\BuildLiteBehavior [ RunTime:0.000000s ]
INFO: [ app_init ] --END-- [ RunTime:0.003000s ]
ERR: æ— æ³•åŠ è½½æ¨¡å—:Assets

[ 2015-03-31T11:35:40+08:00 ] 127.0.0.1 /acephp/admin.php/assets/avatars/avatar1.png
INFO: [ app_init ] --START--
INFO: Run Behavior\BuildLiteBehavior [ RunTime:0.000000s ]
INFO: [ app_init ] --END-- [ RunTime:0.003000s ]
ERR: æ— æ³•åŠ è½½æ¨¡å—:Assets

[ 2015-03-31T11:35:40+08:00 ] 127.0.0.1 /acephp/admin.php/assets/avatars/avatar2.png
INFO: [ app_init ] --START--
INFO: Run Behavior\BuildLiteBehavior [ RunTime:0.000000s ]
INFO: [ app_init ] --END-- [ RunTime:0.002001s ]
ERR: æ— æ³•åŠ è½½æ¨¡å—:Assets

[ 2015-03-31T11:35:40+08:00 ] 127.0.0.1 /acephp/admin.php/assets/avatars/avatar.png
INFO: [ app_init ] --START--
INFO: Run Behavior\BuildLiteBehavior [ RunTime:0.001000s ]
INFO: [ app_init ] --END-- [ RunTime:0.004000s ]
ERR: æ— æ³•åŠ è½½æ¨¡å—:Assets

[ 2015-03-31T11:35:40+08:00 ] 127.0.0.1 /acephp/admin.php/assets/avatars/avatar3.png
INFO: [ app_init ] --START--
INFO: Run Behavior\BuildLiteBehavior [ RunTime:0.001001s ]
INFO: [ app_init ] --END-- [ RunTime:0.003001s ]
ERR: æ— æ³•åŠ è½½æ¨¡å—:Assets

[ 2015-03-31T11:35:40+08:00 ] 127.0.0.1 /acephp/admin.php/assets/css/jquery-ui.custom.min.css
INFO: [ app_init ] --START--
INFO: Run Behavior\BuildLiteBehavior [ RunTime:0.000000s ]
INFO: [ app_init ] --END-- [ RunTime:0.007001s ]
ERR: æ— æ³•åŠ è½½æ¨¡å—:Assets

[ 2015-03-31T11:35:41+08:00 ] 127.0.0.1 /acephp/admin.php/assets/css/select2.css
INFO: [ app_init ] --START--
INFO: Run Behavior\BuildLiteBehavior [ RunTime:0.000000s ]
INFO: [ app_init ] --END-- [ RunTime:0.002000s ]
ERR: æ— æ³•åŠ è½½æ¨¡å—:Assets

[ 2015-03-31T11:35:40+08:00 ] 127.0.0.1 /acephp/admin.php/assets/css/jquery.gritter.css
INFO: [ app_init ] --START--
INFO: Run Behavior\BuildLiteBehavior [ RunTime:0.000000s ]
INFO: [ app_init ] --END-- [ RunTime:0.009001s ]
ERR: æ— æ³•åŠ è½½æ¨¡å—:Assets

[ 2015-03-31T11:35:41+08:00 ] 127.0.0.1 /acephp/admin.php/assets/js/jquery-ui.custom.min.js
INFO: [ app_init ] --START--
INFO: Run Behavior\BuildLiteBehavior [ RunTime:0.000000s ]
INFO: [ app_init ] --END-- [ RunTime:0.007001s ]
ERR: æ— æ³•åŠ è½½æ¨¡å—:Assets

[ 2015-03-31T11:35:41+08:00 ] 127.0.0.1 /acephp/admin.php/assets/css/datepicker.css
INFO: [ app_init ] --START--
INFO: Run Behavior\BuildLiteBehavior [ RunTime:0.000000s ]
INFO: [ app_init ] --END-- [ RunTime:0.003000s ]
ERR: æ— æ³•åŠ è½½æ¨¡å—:Assets

[ 2015-03-31T11:35:41+08:00 ] 127.0.0.1 /acephp/admin.php/assets/css/bootstrap-editable.css
INFO: [ app_init ] --START--
INFO: Run Behavior\BuildLiteBehavior [ RunTime:0.000000s ]
INFO: [ app_init ] --END-- [ RunTime:0.005001s ]
ERR: æ— æ³•åŠ è½½æ¨¡å—:Assets

[ 2015-03-31T11:35:41+08:00 ] 127.0.0.1 /acephp/admin.php/assets/js/jquery.ui.touch-punch.min.js
INFO: [ app_init ] --START--
INFO: Run Behavior\BuildLiteBehavior [ RunTime:0.000000s ]
INFO: [ app_init ] --END-- [ RunTime:0.002000s ]
ERR: æ— æ³•åŠ è½½æ¨¡å—:Assets

[ 2015-03-31T11:35:41+08:00 ] 127.0.0.1 /acephp/admin.php/assets/js/bootbox.min.js
INFO: [ app_init ] --START--
INFO: Run Behavior\BuildLiteBehavior [ RunTime:0.001000s ]
INFO: [ app_init ] --END-- [ RunTime:0.002000s ]
ERR: æ— æ³•åŠ è½½æ¨¡å—:Assets

[ 2015-03-31T11:35:41+08:00 ] 127.0.0.1 /acephp/admin.php/assets/js/date-time/bootstrap-datepicker.min.js
INFO: [ app_init ] --START--
INFO: Run Behavior\BuildLiteBehavior [ RunTime:0.000000s ]
INFO: [ app_init ] --END-- [ RunTime:0.011001s ]
ERR: æ— æ³•åŠ è½½æ¨¡å—:Assets

[ 2015-03-31T11:35:41+08:00 ] 127.0.0.1 /acephp/admin.php/assets/js/jquery.hotkeys.min.js
INFO: [ app_init ] --START--
INFO: Run Behavior\BuildLiteBehavior [ RunTime:0.000000s ]
INFO: [ app_init ] --END-- [ RunTime:0.002000s ]
ERR: æ— æ³•åŠ è½½æ¨¡å—:Assets

[ 2015-03-31T11:35:41+08:00 ] 127.0.0.1 /acephp/admin.php/assets/js/jquery.easypiechart.min.js
INFO: [ app_init ] --START--
INFO: Run Behavior\BuildLiteBehavior [ RunTime:0.000000s ]
INFO: [ app_init ] --END-- [ RunTime:0.003000s ]
ERR: æ— æ³•åŠ è½½æ¨¡å—:Assets

[ 2015-03-31T11:35:41+08:00 ] 127.0.0.1 /acephp/admin.php/assets/js/jquery.gritter.min.js
INFO: [ app_init ] --START--
INFO: Run Behavior\BuildLiteBehavior [ RunTime:0.001000s ]
INFO: [ app_init ] --END-- [ RunTime:0.003000s ]
ERR: æ— æ³•åŠ è½½æ¨¡å—:Assets

[ 2015-03-31T11:35:42+08:00 ] 127.0.0.1 /acephp/admin.php/assets/js/select2.min.js
INFO: [ app_init ] --START--
INFO: Run Behavior\BuildLiteBehavior [ RunTime:0.000000s ]
INFO: [ app_init ] --END-- [ RunTime:0.002001s ]
ERR: æ— æ³•åŠ è½½æ¨¡å—:Assets

[ 2015-03-31T11:35:42+08:00 ] 127.0.0.1 /acephp/admin.php/assets/js/bootstrap-wysiwyg.min.js
INFO: [ app_init ] --START--
INFO: Run Behavior\BuildLiteBehavior [ RunTime:0.001000s ]
INFO: [ app_init ] --END-- [ RunTime:0.003001s ]
ERR: æ— æ³•åŠ è½½æ¨¡å—:Assets

[ 2015-03-31T11:35:43+08:00 ] 127.0.0.1 /acephp/admin.php/assets/js/fuelux/fuelux.spinner.min.js
INFO: [ app_init ] --START--
INFO: Run Behavior\BuildLiteBehavior [ RunTime:0.000000s ]
INFO: [ app_init ] --END-- [ RunTime:0.002001s ]
ERR: æ— æ³•åŠ è½½æ¨¡å—:Assets

[ 2015-03-31T11:35:43+08:00 ] 127.0.0.1 /acephp/admin.php/assets/js/x-editable/bootstrap-editable.min.js
INFO: [ app_init ] --START--
INFO: Run Behavior\BuildLiteBehavior [ RunTime:0.000000s ]
INFO: [ app_init ] --END-- [ RunTime:0.006001s ]
ERR: æ— æ³•åŠ è½½æ¨¡å—:Assets

[ 2015-03-31T11:35:43+08:00 ] 127.0.0.1 /acephp/admin.php/assets/js/x-editable/ace-editable.min.js
INFO: [ app_init ] --START--
INFO: Run Behavior\BuildLiteBehavior [ RunTime:0.000000s ]
INFO: [ app_init ] --END-- [ RunTime:0.005001s ]
ERR: æ— æ³•åŠ è½½æ¨¡å—:Assets

[ 2015-03-31T11:35:43+08:00 ] 127.0.0.1 /acephp/admin.php/assets/images/gallery/thumb-3.jpg
INFO: [ app_init ] --START--
INFO: Run Behavior\BuildLiteBehavior [ RunTime:0.001000s ]
INFO: [ app_init ] --END-- [ RunTime:0.003000s ]
ERR: æ— æ³•åŠ è½½æ¨¡å—:Assets

[ 2015-03-31T11:35:43+08:00 ] 127.0.0.1 /acephp/admin.php/assets/images/gallery/thumb-2.jpg
INFO: [ app_init ] --START--
INFO: Run Behavior\BuildLiteBehavior [ RunTime:0.000000s ]
INFO: [ app_init ] --END-- [ RunTime:0.002000s ]
ERR: æ— æ³•åŠ è½½æ¨¡å—:Assets

[ 2015-03-31T11:35:43+08:00 ] 127.0.0.1 /acephp/admin.php/assets/js/jquery.maskedinput.min.js
INFO: [ app_init ] --START--
INFO: Run Behavior\BuildLiteBehavior [ RunTime:0.000000s ]
INFO: [ app_init ] --END-- [ RunTime:0.003000s ]
ERR: æ— æ³•åŠ è½½æ¨¡å—:Assets

[ 2015-03-31T11:35:43+08:00 ] 127.0.0.1 /acephp/admin.php/assets/images/gallery/thumb-1.jpg
INFO: [ app_init ] --START--
INFO: Run Behavior\BuildLiteBehavior [ RunTime:0.001000s ]
INFO: [ app_init ] --END-- [ RunTime:0.005000s ]
ERR: æ— æ³•åŠ è½½æ¨¡å—:Assets

[ 2015-03-31T11:35:44+08:00 ] 127.0.0.1 /acephp/admin.php/assets/images/gallery/thumb-4.jpg
INFO: [ app_init ] --START--
INFO: Run Behavior\BuildLiteBehavior [ RunTime:0.000000s ]
INFO: [ app_init ] --END-- [ RunTime:0.001001s ]
ERR: æ— æ³•åŠ è½½æ¨¡å—:Assets

[ 2015-03-31T11:35:44+08:00 ] 127.0.0.1 /acephp/admin.php/assets/images/gallery/thumb-5.jpg
INFO: [ app_init ] --START--
INFO: Run Behavior\BuildLiteBehavior [ RunTime:0.001000s ]
INFO: [ app_init ] --END-- [ RunTime:0.002000s ]
ERR: æ— æ³•åŠ è½½æ¨¡å—:Assets

[ 2015-03-31T11:35:44+08:00 ] 127.0.0.1 /acephp/admin.php/assets/images/gallery/thumb-6.jpg
INFO: [ app_init ] --START--
INFO: Run Behavior\BuildLiteBehavior [ RunTime:0.000000s ]
INFO: [ app_init ] --END-- [ RunTime:0.001000s ]
ERR: æ— æ³•åŠ è½½æ¨¡å—:Assets

[ 2015-03-31T11:38:17+08:00 ] 127.0.0.1 /acephp/admin.php/assets/avatars/avatar5.png
INFO: [ app_init ] --START--
INFO: Run Behavior\BuildLiteBehavior [ RunTime:0.000000s ]
INFO: [ app_init ] --END-- [ RunTime:0.003000s ]
ERR: æ— æ³•åŠ è½½æ¨¡å—:Assets

[ 2015-03-31T11:38:17+08:00 ] 127.0.0.1 /acephp/admin.php/assets/avatars/profile-pic.jpg
INFO: [ app_init ] --START--
INFO: Run Behavior\BuildLiteBehavior [ RunTime:0.001000s ]
INFO: [ app_init ] --END-- [ RunTime:0.002000s ]
ERR: æ— æ³•åŠ è½½æ¨¡å—:Assets

[ 2015-03-31T11:38:17+08:00 ] 127.0.0.1 /acephp/admin.php/assets/avatars/avatar4.png
INFO: [ app_init ] --START--
INFO: Run Behavior\BuildLiteBehavior [ RunTime:0.000000s ]
INFO: [ app_init ] --END-- [ RunTime:0.004000s ]
ERR: æ— æ³•åŠ è½½æ¨¡å—:Assets

[ 2015-03-31T11:38:17+08:00 ] 127.0.0.1 /acephp/admin.php/assets/avatars/avatar1.png
INFO: [ app_init ] --START--
INFO: Run Behavior\BuildLiteBehavior [ RunTime:0.000000s ]
INFO: [ app_init ] --END-- [ RunTime:0.004001s ]
ERR: æ— æ³•åŠ è½½æ¨¡å—:Assets

[ 2015-03-31T11:38:17+08:00 ] 127.0.0.1 /acephp/admin.php/assets/avatars/avatar.png
INFO: [ app_init ] --START--
INFO: Run Behavior\BuildLiteBehavior [ RunTime:0.000000s ]
INFO: [ app_init ] --END-- [ RunTime:0.002000s ]
ERR: æ— æ³•åŠ è½½æ¨¡å—:Assets

[ 2015-03-31T11:38:17+08:00 ] 127.0.0.1 /acephp/admin.php/assets/avatars/avatar2.png
INFO: [ app_init ] --START--
INFO: Run Behavior\BuildLiteBehavior [ RunTime:0.000000s ]
INFO: [ app_init ] --END-- [ RunTime:0.002001s ]
ERR: æ— æ³•åŠ è½½æ¨¡å—:Assets

[ 2015-03-31T11:38:17+08:00 ] 127.0.0.1 /acephp/admin.php/assets/css/jquery.gritter.css
INFO: [ app_init ] --START--
INFO: Run Behavior\BuildLiteBehavior [ RunTime:0.000000s ]
INFO: [ app_init ] --END-- [ RunTime:0.002000s ]
ERR: æ— æ³•åŠ è½½æ¨¡å—:Assets

[ 2015-03-31T11:38:17+08:00 ] 127.0.0.1 /acephp/admin.php/assets/css/select2.css
INFO: [ app_init ] --START--
INFO: Run Behavior\BuildLiteBehavior [ RunTime:0.000000s ]
INFO: [ app_init ] --END-- [ RunTime:0.009001s ]
ERR: æ— æ³•åŠ è½½æ¨¡å—:Assets

[ 2015-03-31T11:38:17+08:00 ] 127.0.0.1 /acephp/admin.php/assets/css/jquery-ui.custom.min.css
INFO: [ app_init ] --START--
INFO: Run Behavior\BuildLiteBehavior [ RunTime:0.000000s ]
INFO: [ app_init ] --END-- [ RunTime:0.003000s ]
ERR: æ— æ³•åŠ è½½æ¨¡å—:Assets

[ 2015-03-31T11:38:17+08:00 ] 127.0.0.1 /acephp/admin.php/assets/css/bootstrap-editable.css
INFO: [ app_init ] --START--
INFO: Run Behavior\BuildLiteBehavior [ RunTime:0.001001s ]
INFO: [ app_init ] --END-- [ RunTime:0.003001s ]
ERR: æ— æ³•åŠ è½½æ¨¡å—:Assets

[ 2015-03-31T11:38:17+08:00 ] 127.0.0.1 /acephp/admin.php/assets/css/datepicker.css
INFO: [ app_init ] --START--
INFO: Run Behavior\BuildLiteBehavior [ RunTime:0.000000s ]
INFO: [ app_init ] --END-- [ RunTime:0.001000s ]
ERR: æ— æ³•åŠ è½½æ¨¡å—:Assets

[ 2015-03-31T11:38:17+08:00 ] 127.0.0.1 /acephp/admin.php/assets/js/jquery-ui.custom.min.js
INFO: [ app_init ] --START--
INFO: Run Behavior\BuildLiteBehavior [ RunTime:0.000000s ]
INFO: [ app_init ] --END-- [ RunTime:0.003000s ]
ERR: æ— æ³•åŠ è½½æ¨¡å—:Assets

[ 2015-03-31T11:38:18+08:00 ] 127.0.0.1 /acephp/admin.php/assets/js/jquery.gritter.min.js
INFO: [ app_init ] --START--
INFO: Run Behavior\BuildLiteBehavior [ RunTime:0.000000s ]
INFO: [ app_init ] --END-- [ RunTime:0.002000s ]
ERR: æ— æ³•åŠ è½½æ¨¡å—:Assets

[ 2015-03-31T11:38:18+08:00 ] 127.0.0.1 /acephp/admin.php/assets/js/jquery.ui.touch-punch.min.js
INFO: [ app_init ] --START--
INFO: Run Behavior\BuildLiteBehavior [ RunTime:0.000000s ]
INFO: [ app_init ] --END-- [ RunTime:0.011001s ]
ERR: æ— æ³•åŠ è½½æ¨¡å—:Assets

[ 2015-03-31T11:38:18+08:00 ] 127.0.0.1 /acephp/admin.php/assets/js/bootbox.min.js
INFO: [ app_init ] --START--
INFO: Run Behavior\BuildLiteBehavior [ RunTime:0.000000s ]
INFO: [ app_init ] --END-- [ RunTime:0.003000s ]
ERR: æ— æ³•åŠ è½½æ¨¡å—:Assets

[ 2015-03-31T11:38:18+08:00 ] 127.0.0.1 /acephp/admin.php/assets/js/jquery.easypiechart.min.js
INFO: [ app_init ] --START--
INFO: Run Behavior\BuildLiteBehavior [ RunTime:0.000000s ]
INFO: [ app_init ] --END-- [ RunTime:0.004001s ]
ERR: æ— æ³•åŠ è½½æ¨¡å—:Assets

[ 2015-03-31T11:38:18+08:00 ] 127.0.0.1 /acephp/admin.php/assets/js/date-time/bootstrap-datepicker.min.js
INFO: [ app_init ] --START--
INFO: Run Behavior\BuildLiteBehavior [ RunTime:0.000000s ]
INFO: [ app_init ] --END-- [ RunTime:0.003000s ]
ERR: æ— æ³•åŠ è½½æ¨¡å—:Assets

[ 2015-03-31T11:38:18+08:00 ] 127.0.0.1 /acephp/admin.php/assets/js/bootstrap-wysiwyg.min.js
INFO: [ app_init ] --START--
INFO: Run Behavior\BuildLiteBehavior [ RunTime:0.001000s ]
INFO: [ app_init ] --END-- [ RunTime:0.002000s ]
ERR: æ— æ³•åŠ è½½æ¨¡å—:Assets

[ 2015-03-31T11:38:18+08:00 ] 127.0.0.1 /acephp/admin.php/assets/js/jquery.hotkeys.min.js
INFO: [ app_init ] --START--
INFO: Run Behavior\BuildLiteBehavior [ RunTime:0.000000s ]
INFO: [ app_init ] --END-- [ RunTime:0.001000s ]
ERR: æ— æ³•åŠ è½½æ¨¡å—:Assets

[ 2015-03-31T11:38:18+08:00 ] 127.0.0.1 /acephp/admin.php/assets/js/select2.min.js
INFO: [ app_init ] --START--
INFO: Run Behavior\BuildLiteBehavior [ RunTime:0.000000s ]
INFO: [ app_init ] --END-- [ RunTime:0.002000s ]
ERR: æ— æ³•åŠ è½½æ¨¡å—:Assets

[ 2015-03-31T11:38:18+08:00 ] 127.0.0.1 /acephp/admin.php/assets/js/x-editable/bootstrap-editable.min.js
INFO: [ app_init ] --START--
INFO: Run Behavior\BuildLiteBehavior [ RunTime:0.000000s ]
INFO: [ app_init ] --END-- [ RunTime:0.002000s ]
ERR: æ— æ³•åŠ è½½æ¨¡å—:Assets

[ 2015-03-31T11:38:18+08:00 ] 127.0.0.1 /acephp/admin.php/assets/js/fuelux/fuelux.spinner.min.js
INFO: [ app_init ] --START--
INFO: Run Behavior\BuildLiteBehavior [ RunTime:0.000000s ]
INFO: [ app_init ] --END-- [ RunTime:0.002000s ]
ERR: æ— æ³•åŠ è½½æ¨¡å—:Assets

[ 2015-03-31T11:38:18+08:00 ] 127.0.0.1 /acephp/admin.php/assets/js/jquery.maskedinput.min.js
INFO: [ app_init ] --START--
INFO: Run Behavior\BuildLiteBehavior [ RunTime:0.001000s ]
INFO: [ app_init ] --END-- [ RunTime:0.003000s ]
ERR: æ— æ³•åŠ è½½æ¨¡å—:Assets

[ 2015-03-31T11:38:18+08:00 ] 127.0.0.1 /acephp/admin.php/assets/js/x-editable/ace-editable.min.js
INFO: [ app_init ] --START--
INFO: Run Behavior\BuildLiteBehavior [ RunTime:0.001000s ]
INFO: [ app_init ] --END-- [ RunTime:0.007001s ]
ERR: æ— æ³•åŠ è½½æ¨¡å—:Assets

[ 2015-03-31T11:38:18+08:00 ] 127.0.0.1 /acephp/admin.php/assets/avatars/avatar3.png
INFO: [ app_init ] --START--
INFO: Run Behavior\BuildLiteBehavior [ RunTime:0.000000s ]
INFO: [ app_init ] --END-- [ RunTime:0.002000s ]
ERR: æ— æ³•åŠ è½½æ¨¡å—:Assets

[ 2015-03-31T11:38:18+08:00 ] 127.0.0.1 /acephp/admin.php/assets/images/gallery/thumb-1.jpg
INFO: [ app_init ] --START--
INFO: Run Behavior\BuildLiteBehavior [ RunTime:0.001000s ]
INFO: [ app_init ] --END-- [ RunTime:0.002000s ]
ERR: æ— æ³•åŠ è½½æ¨¡å—:Assets

[ 2015-03-31T11:38:18+08:00 ] 127.0.0.1 /acephp/admin.php/assets/images/gallery/thumb-2.jpg
INFO: [ app_init ] --START--
INFO: Run Behavior\BuildLiteBehavior [ RunTime:0.000000s ]
INFO: [ app_init ] --END-- [ RunTime:0.003000s ]
ERR: æ— æ³•åŠ è½½æ¨¡å—:Assets

[ 2015-03-31T11:38:18+08:00 ] 127.0.0.1 /acephp/admin.php/assets/images/gallery/thumb-4.jpg
INFO: [ app_init ] --START--
INFO: Run Behavior\BuildLiteBehavior [ RunTime:0.001001s ]
INFO: [ app_init ] --END-- [ RunTime:0.004001s ]
ERR: æ— æ³•åŠ è½½æ¨¡å—:Assets

[ 2015-03-31T11:38:18+08:00 ] 127.0.0.1 /acephp/admin.php/assets/images/gallery/thumb-3.jpg
INFO: [ app_init ] --START--
INFO: Run Behavior\BuildLiteBehavior [ RunTime:0.000000s ]
INFO: [ app_init ] --END-- [ RunTime:0.001000s ]
ERR: æ— æ³•åŠ è½½æ¨¡å—:Assets

[ 2015-03-31T11:38:18+08:00 ] 127.0.0.1 /acephp/admin.php/assets/images/gallery/thumb-5.jpg
INFO: [ app_init ] --START--
INFO: Run Behavior\BuildLiteBehavior [ RunTime:0.000000s ]
INFO: [ app_init ] --END-- [ RunTime:0.002000s ]
ERR: æ— æ³•åŠ è½½æ¨¡å—:Assets

[ 2015-03-31T11:38:18+08:00 ] 127.0.0.1 /acephp/admin.php/assets/images/gallery/thumb-6.jpg
INFO: [ app_init ] --START--
INFO: Run Behavior\BuildLiteBehavior [ RunTime:0.000000s ]
INFO: [ app_init ] --END-- [ RunTime:0.004000s ]
ERR: æ— æ³•åŠ è½½æ¨¡å—:Assets

[ 2015-03-31T15:24:30+08:00 ] 127.0.0.1 /acephp/admin.php/assets/avatars/profile-pic.jpg
INFO: [ app_init ] --START--
INFO: Run Behavior\BuildLiteBehavior [ RunTime:0.000000s ]
INFO: [ app_init ] --END-- [ RunTime:0.001000s ]
ERR: æ— æ³•åŠ è½½æ¨¡å—:Assets

[ 2015-03-31T15:24:37+08:00 ] 127.0.0.1 /acephp/admin.php/assets/avatars/profile-pic.jpg
INFO: [ app_init ] --START--
INFO: Run Behavior\BuildLiteBehavior [ RunTime:0.000000s ]
INFO: [ app_init ] --END-- [ RunTime:0.001000s ]
ERR: æ— æ³•åŠ è½½æ¨¡å—:Assets

[ 2015-03-31T17:44:59+08:00 ] 127.0.0.1 /acephp/admin.php/assets/css/prettify.css
INFO: [ app_init ] --START--
INFO: Run Behavior\BuildLiteBehavior [ RunTime:0.000000s ]
INFO: [ app_init ] --END-- [ RunTime:0.002001s ]
ERR: æ— æ³•åŠ è½½æ¨¡å—:Assets

[ 2015-03-31T17:44:59+08:00 ] 127.0.0.1 /acephp/admin.php/assets/js/prettify.js
INFO: [ app_init ] --START--
INFO: Run Behavior\BuildLiteBehavior [ RunTime:0.000000s ]
INFO: [ app_init ] --END-- [ RunTime:0.002000s ]
ERR: æ— æ³•åŠ è½½æ¨¡å—:Assets

[ 2015-03-31T17:45:02+08:00 ] 127.0.0.1 /acephp/admin.php/assets/js/bootbox.min.js
INFO: [ app_init ] --START--
INFO: Run Behavior\BuildLiteBehavior [ RunTime:0.001000s ]
INFO: [ app_init ] --END-- [ RunTime:0.002000s ]
ERR: æ— æ³•åŠ è½½æ¨¡å—:Assets

[ 2015-03-31T17:45:02+08:00 ] 127.0.0.1 /acephp/admin.php/assets/js/jquery.ui.touch-punch.min.js
INFO: [ app_init ] --START--
INFO: Run Behavior\BuildLiteBehavior [ RunTime:0.000000s ]
INFO: [ app_init ] --END-- [ RunTime:0.004000s ]
ERR: æ— æ³•åŠ è½½æ¨¡å—:Assets

[ 2015-03-31T17:45:03+08:00 ] 127.0.0.1 /acephp/admin.php/assets/js/jquery-ui.custom.min.js
INFO: [ app_init ] --START--
INFO: Run Behavior\BuildLiteBehavior [ RunTime:0.000000s ]
INFO: [ app_init ] --END-- [ RunTime:0.003000s ]
ERR: æ— æ³•åŠ è½½æ¨¡å—:Assets

[ 2015-03-31T17:45:03+08:00 ] 127.0.0.1 /acephp/admin.php/assets/js/jquery.gritter.min.js
INFO: [ app_init ] --START--
INFO: Run Behavior\BuildLiteBehavior [ RunTime:0.000000s ]
INFO: [ app_init ] --END-- [ RunTime:0.003000s ]
ERR: æ— æ³•åŠ è½½æ¨¡å—:Assets

[ 2015-03-31T17:45:03+08:00 ] 127.0.0.1 /acephp/admin.php/assets/js/jquery.easypiechart.min.js
INFO: [ app_init ] --START--
INFO: Run Behavior\BuildLiteBehavior [ RunTime:0.001000s ]
INFO: [ app_init ] --END-- [ RunTime:0.005000s ]
ERR: æ— æ³•åŠ è½½æ¨¡å—:Assets

[ 2015-03-31T17:45:03+08:00 ] 127.0.0.1 /acephp/admin.php/assets/js/spin.min.js
INFO: [ app_init ] --START--
INFO: Run Behavior\BuildLiteBehavior [ RunTime:0.000000s ]
INFO: [ app_init ] --END-- [ RunTime:0.008001s ]
ERR: æ— æ³•åŠ è½½æ¨¡å—:Assets

[ 2015-03-31T17:45:03+08:00 ] 127.0.0.1 /acephp/admin.php/assets/css/jquery-ui.custom.min.css
INFO: [ app_init ] --START--
INFO: Run Behavior\BuildLiteBehavior [ RunTime:0.000000s ]
INFO: [ app_init ] --END-- [ RunTime:0.002000s ]
ERR: æ— æ³•åŠ è½½æ¨¡å—:Assets

[ 2015-03-31T17:45:03+08:00 ] 127.0.0.1 /acephp/admin.php/assets/css/jquery.gritter.css
INFO: [ app_init ] --START--
INFO: Run Behavior\BuildLiteBehavior [ RunTime:0.000000s ]
INFO: [ app_init ] --END-- [ RunTime:0.002000s ]
ERR: æ— æ³•åŠ è½½æ¨¡å—:Assets

[ 2015-03-31T17:45:09+08:00 ] 127.0.0.1 /acephp/admin.php/assets/js/jquery-ui.custom.min.js
INFO: [ app_init ] --START--
INFO: Run Behavior\BuildLiteBehavior [ RunTime:0.001000s ]
INFO: [ app_init ] --END-- [ RunTime:0.008001s ]
ERR: æ— æ³•åŠ è½½æ¨¡å—:Assets

[ 2015-03-31T17:45:09+08:00 ] 127.0.0.1 /acephp/admin.php/assets/js/jquery.ui.touch-punch.min.js
INFO: [ app_init ] --START--
INFO: Run Behavior\BuildLiteBehavior [ RunTime:0.000000s ]
INFO: [ app_init ] --END-- [ RunTime:0.003001s ]
ERR: æ— æ³•åŠ è½½æ¨¡å—:Assets

[ 2015-03-31T17:45:09+08:00 ] 127.0.0.1 /acephp/admin.php/assets/js/bootbox.min.js
INFO: [ app_init ] --START--
INFO: Run Behavior\BuildLiteBehavior [ RunTime:0.000000s ]
INFO: [ app_init ] --END-- [ RunTime:0.003001s ]
ERR: æ— æ³•åŠ è½½æ¨¡å—:Assets

[ 2015-03-31T17:45:09+08:00 ] 127.0.0.1 /acephp/admin.php/assets/js/spin.min.js
INFO: [ app_init ] --START--
INFO: Run Behavior\BuildLiteBehavior [ RunTime:0.001000s ]
INFO: [ app_init ] --END-- [ RunTime:0.002000s ]
ERR: æ— æ³•åŠ è½½æ¨¡å—:Assets

[ 2015-03-31T17:45:09+08:00 ] 127.0.0.1 /acephp/admin.php/assets/js/jquery.easypiechart.min.js
INFO: [ app_init ] --START--
INFO: Run Behavior\BuildLiteBehavior [ RunTime:0.001000s ]
INFO: [ app_init ] --END-- [ RunTime:0.010001s ]
ERR: æ— æ³•åŠ è½½æ¨¡å—:Assets

[ 2015-03-31T17:45:09+08:00 ] 127.0.0.1 /acephp/admin.php/assets/js/jquery.gritter.min.js
INFO: [ app_init ] --START--
INFO: Run Behavior\BuildLiteBehavior [ RunTime:0.000000s ]
INFO: [ app_init ] --END-- [ RunTime:0.002000s ]
ERR: æ— æ³•åŠ è½½æ¨¡å—:Assets

[ 2015-03-31T17:45:09+08:00 ] 127.0.0.1 /acephp/admin.php/assets/css/jquery-ui.custom.min.css
INFO: [ app_init ] --START--
INFO: Run Behavior\BuildLiteBehavior [ RunTime:0.000000s ]
INFO: [ app_init ] --END-- [ RunTime:0.002001s ]
ERR: æ— æ³•åŠ è½½æ¨¡å—:Assets

[ 2015-03-31T17:45:09+08:00 ] 127.0.0.1 /acephp/admin.php/assets/css/jquery.gritter.css
INFO: [ app_init ] --START--
INFO: Run Behavior\BuildLiteBehavior [ RunTime:0.000000s ]
INFO: [ app_init ] --END-- [ RunTime:0.003000s ]
ERR: æ— æ³•åŠ è½½æ¨¡å—:Assets

[ 2015-03-31T17:45:11+08:00 ] 127.0.0.1 /acephp/admin.php/assets/js/prettify.js
INFO: [ app_init ] --START--
INFO: Run Behavior\BuildLiteBehavior [ RunTime:0.000000s ]
INFO: [ app_init ] --END-- [ RunTime:0.001000s ]
ERR: æ— æ³•åŠ è½½æ¨¡å—:Assets

[ 2015-03-31T17:45:11+08:00 ] 127.0.0.1 /acephp/admin.php/assets/css/prettify.css
INFO: [ app_init ] --START--
INFO: Run Behavior\BuildLiteBehavior [ RunTime:0.000000s ]
INFO: [ app_init ] --END-- [ RunTime:0.001000s ]
ERR: æ— æ³•åŠ è½½æ¨¡å—:Assets

[ 2015-03-31T17:45:14+08:00 ] 127.0.0.1 /acephp/admin.php/assets/js/jquery.ui.touch-punch.min.js
INFO: [ app_init ] --START--
INFO: Run Behavior\BuildLiteBehavior [ RunTime:0.001000s ]
INFO: [ app_init ] --END-- [ RunTime:0.003000s ]
ERR: æ— æ³•åŠ è½½æ¨¡å—:Assets

[ 2015-03-31T17:45:14+08:00 ] 127.0.0.1 /acephp/admin.php/assets/js/jquery.gritter.min.js
INFO: [ app_init ] --START--
INFO: Run Behavior\BuildLiteBehavior [ RunTime:0.000000s ]
INFO: [ app_init ] --END-- [ RunTime:0.002000s ]
ERR: æ— æ³•åŠ è½½æ¨¡å—:Assets

[ 2015-03-31T17:45:14+08:00 ] 127.0.0.1 /acephp/admin.php/assets/js/jquery-ui.custom.min.js
INFO: [ app_init ] --START--
INFO: Run Behavior\BuildLiteBehavior [ RunTime:0.001000s ]
INFO: [ app_init ] --END-- [ RunTime:0.003001s ]
ERR: æ— æ³•åŠ è½½æ¨¡å—:Assets

[ 2015-03-31T17:45:14+08:00 ] 127.0.0.1 /acephp/admin.php/assets/js/jquery.easypiechart.min.js
INFO: [ app_init ] --START--
INFO: Run Behavior\BuildLiteBehavior [ RunTime:0.001000s ]
INFO: [ app_init ] --END-- [ RunTime:0.002000s ]
ERR: æ— æ³•åŠ è½½æ¨¡å—:Assets

[ 2015-03-31T17:45:14+08:00 ] 127.0.0.1 /acephp/admin.php/assets/js/spin.min.js
INFO: [ app_init ] --START--
INFO: Run Behavior\BuildLiteBehavior [ RunTime:0.000000s ]
INFO: [ app_init ] --END-- [ RunTime:0.002001s ]
ERR: æ— æ³•åŠ è½½æ¨¡å—:Assets

[ 2015-03-31T17:45:14+08:00 ] 127.0.0.1 /acephp/admin.php/assets/js/bootbox.min.js
INFO: [ app_init ] --START--
INFO: Run Behavior\BuildLiteBehavior [ RunTime:0.000000s ]
INFO: [ app_init ] --END-- [ RunTime:0.002000s ]
ERR: æ— æ³•åŠ è½½æ¨¡å—:Assets

[ 2015-03-31T17:45:14+08:00 ] 127.0.0.1 /acephp/admin.php/assets/css/jquery-ui.custom.min.css
INFO: [ app_init ] --START--
INFO: Run Behavior\BuildLiteBehavior [ RunTime:0.000000s ]
INFO: [ app_init ] --END-- [ RunTime:0.005000s ]
ERR: æ— æ³•åŠ è½½æ¨¡å—:Assets

[ 2015-03-31T17:45:14+08:00 ] 127.0.0.1 /acephp/admin.php/assets/css/jquery.gritter.css
INFO: [ app_init ] --START--
INFO: Run Behavior\BuildLiteBehavior [ RunTime:0.000000s ]
INFO: [ app_init ] --END-- [ RunTime:0.002000s ]
ERR: æ— æ³•åŠ è½½æ¨¡å—:Assets

[ 2015-03-31T17:45:15+08:00 ] 127.0.0.1 /acephp/admin.php/assets/js/prettify.js
INFO: [ app_init ] --START--
INFO: Run Behavior\BuildLiteBehavior [ RunTime:0.000000s ]
INFO: [ app_init ] --END-- [ RunTime:0.001000s ]
ERR: æ— æ³•åŠ è½½æ¨¡å—:Assets

[ 2015-03-31T17:45:15+08:00 ] 127.0.0.1 /acephp/admin.php/assets/css/prettify.css
INFO: [ app_init ] --START--
INFO: Run Behavior\BuildLiteBehavior [ RunTime:0.000000s ]
INFO: [ app_init ] --END-- [ RunTime:0.001000s ]
ERR: æ— æ³•åŠ è½½æ¨¡å—:Assets

[ 2015-03-31T17:45:23+08:00 ] 127.0.0.1 /acephp/admin.php/assets/js/prettify.js
INFO: [ app_init ] --START--
INFO: Run Behavior\BuildLiteBehavior [ RunTime:0.000000s ]
INFO: [ app_init ] --END-- [ RunTime:0.002000s ]
ERR: æ— æ³•åŠ è½½æ¨¡å—:Assets

[ 2015-03-31T17:45:23+08:00 ] 127.0.0.1 /acephp/admin.php/assets/css/prettify.css
INFO: [ app_init ] --START--
INFO: Run Behavior\BuildLiteBehavior [ RunTime:0.000000s ]
INFO: [ app_init ] --END-- [ RunTime:0.001000s ]
ERR: æ— æ³•åŠ è½½æ¨¡å—:Assets

[ 2015-03-31T17:45:26+08:00 ] 127.0.0.1 /acephp/admin.php/assets/js/jquery-ui.custom.min.js
INFO: [ app_init ] --START--
INFO: Run Behavior\BuildLiteBehavior [ RunTime:0.000000s ]
INFO: [ app_init ] --END-- [ RunTime:0.003000s ]
ERR: æ— æ³•åŠ è½½æ¨¡å—:Assets

[ 2015-03-31T17:45:26+08:00 ] 127.0.0.1 /acephp/admin.php/assets/js/bootbox.min.js
INFO: [ app_init ] --START--
INFO: Run Behavior\BuildLiteBehavior [ RunTime:0.000000s ]
INFO: [ app_init ] --END-- [ RunTime:0.002000s ]
ERR: æ— æ³•åŠ è½½æ¨¡å—:Assets

[ 2015-03-31T17:45:26+08:00 ] 127.0.0.1 /acephp/admin.php/assets/js/jquery.ui.touch-punch.min.js
INFO: [ app_init ] --START--
INFO: Run Behavior\BuildLiteBehavior [ RunTime:0.000000s ]
INFO: [ app_init ] --END-- [ RunTime:0.002000s ]
ERR: æ— æ³•åŠ è½½æ¨¡å—:Assets

[ 2015-03-31T17:45:26+08:00 ] 127.0.0.1 /acephp/admin.php/assets/js/jquery.easypiechart.min.js
INFO: [ app_init ] --START--
INFO: Run Behavior\BuildLiteBehavior [ RunTime:0.000000s ]
INFO: [ app_init ] --END-- [ RunTime:0.003000s ]
ERR: æ— æ³•åŠ è½½æ¨¡å—:Assets

[ 2015-03-31T17:45:26+08:00 ] 127.0.0.1 /acephp/admin.php/assets/js/spin.min.js
INFO: [ app_init ] --START--
INFO: Run Behavior\BuildLiteBehavior [ RunTime:0.000000s ]
INFO: [ app_init ] --END-- [ RunTime:0.002000s ]
ERR: æ— æ³•åŠ è½½æ¨¡å—:Assets

[ 2015-03-31T17:45:26+08:00 ] 127.0.0.1 /acephp/admin.php/assets/js/jquery.gritter.min.js
INFO: [ app_init ] --START--
INFO: Run Behavior\BuildLiteBehavior [ RunTime:0.000000s ]
INFO: [ app_init ] --END-- [ RunTime:0.009001s ]
ERR: æ— æ³•åŠ è½½æ¨¡å—:Assets

[ 2015-03-31T17:45:26+08:00 ] 127.0.0.1 /acephp/admin.php/assets/css/jquery-ui.custom.min.css
INFO: [ app_init ] --START--
INFO: Run Behavior\BuildLiteBehavior [ RunTime:0.001000s ]
INFO: [ app_init ] --END-- [ RunTime:0.002001s ]
ERR: æ— æ³•åŠ è½½æ¨¡å—:Assets

[ 2015-03-31T17:45:26+08:00 ] 127.0.0.1 /acephp/admin.php/assets/css/jquery.gritter.css
INFO: [ app_init ] --START--
INFO: Run Behavior\BuildLiteBehavior [ RunTime:0.000000s ]
INFO: [ app_init ] --END-- [ RunTime:0.001000s ]
ERR: æ— æ³•åŠ è½½æ¨¡å—:Assets

[ 2015-03-31T17:45:28+08:00 ] 127.0.0.1 /acephp/admin.php/assets/js/prettify.js
INFO: [ app_init ] --START--
INFO: Run Behavior\BuildLiteBehavior [ RunTime:0.000000s ]
INFO: [ app_init ] --END-- [ RunTime:0.002000s ]
ERR: æ— æ³•åŠ è½½æ¨¡å—:Assets

[ 2015-03-31T17:45:28+08:00 ] 127.0.0.1 /acephp/admin.php/assets/css/prettify.css
INFO: [ app_init ] --START--
INFO: Run Behavior\BuildLiteBehavior [ RunTime:0.000000s ]
INFO: [ app_init ] --END-- [ RunTime:0.001000s ]
ERR: æ— æ³•åŠ è½½æ¨¡å—:Assets

[ 2015-03-31T17:45:31+08:00 ] 127.0.0.1 /acephp/admin.php/assets/js/jquery.ui.touch-punch.min.js
INFO: [ app_init ] --START--
INFO: Run Behavior\BuildLiteBehavior [ RunTime:0.000000s ]
INFO: [ app_init ] --END-- [ RunTime:0.002001s ]
ERR: æ— æ³•åŠ è½½æ¨¡å—:Assets

[ 2015-03-31T17:45:31+08:00 ] 127.0.0.1 /acephp/admin.php/assets/js/jquery-ui.custom.min.js
INFO: [ app_init ] --START--
INFO: Run Behavior\BuildLiteBehavior [ RunTime:0.000000s ]
INFO: [ app_init ] --END-- [ RunTime:0.003001s ]
ERR: æ— æ³•åŠ è½½æ¨¡å—:Assets

[ 2015-03-31T17:45:31+08:00 ] 127.0.0.1 /acephp/admin.php/assets/js/bootbox.min.js
INFO: [ app_init ] --START--
INFO: Run Behavior\BuildLiteBehavior [ RunTime:0.000000s ]
INFO: [ app_init ] --END-- [ RunTime:0.002000s ]
ERR: æ— æ³•åŠ è½½æ¨¡å—:Assets

—:Assets

[ 2015-03-31T17:45:31+08:00 ] 127.0.0.1 /acephp/admin.php/assets/css/jquery.gritter.css
INFO: [ app_init ] --START--
INFO: Run Behavior\BuildLiteBehavior [ RunTime:0.000000s ]
INFO: [ app_init ] --END-- [ RunTime:0.002000s ]
ERR: æ— æ³•åŠ è½½æ¨¡å—:Assets




[ 2015-03-31T17:45:31+08:00 ] 127.0.0.1 /acephp/admin.php/assets/js/spin.min.js
INFO: [ app_init ] --START--
INFO: Run Behavior\BuildLiteBehavior [ RunTime:0.000000s ]
INFO: [ app_init ] --END-- [ RunTime:0.003000s ]
ERR: æ— æ³•åŠ è½½æ¨¡å—:Assets

[ 2015-03-31T17:45:37+08:00 ] 127.0.0.1 /acephp/admin.php/assets/js/jquery-ui.custom.min.js
INFO: [ app_init ] --START--
INFO: Run Behavior\BuildLiteBehavior [ RunTime:0.000000s ]
INFO: [ app_init ] --END-- [ RunTime:0.004000s ]
ERR: æ— æ³•åŠ è½½æ¨¡å—:Assets

[ 2015-03-31T17:45:37+08:00 ] 127.0.0.1 /acephp/admin.php/assets/js/bootbox.min.js
INFO: [ app_init ] --START--
INFO: Run Behavior\BuildLiteBehavior [ RunTime:0.001000s ]
INFO: [ app_init ] --END-- [ RunTime:0.002000s ]
ERR: æ— æ³•åŠ è½½æ¨¡å—:Assets

[ 2015-03-31T17:45:37+08:00 ] 127.0.0.1 /acephp/admin.php/assets/js/jquery.ui.touch-punch.min.js
INFO: [ app_init ] --START--
INFO: Run Behavior\BuildLiteBehavior [ RunTime:0.001000s ]
INFO: [ app_init ] --END-- [ RunTime:0.006001s ]
ERR: æ— æ³•åŠ è½½æ¨¡å—:Assets

[ 2015-03-31T17:45:37+08:00 ] 127.0.0.1 /acephp/admin.php/assets/js/jquery.easypiechart.min.js
INFO: [ app_init ] --START--
INFO: Run Behavior\BuildLiteBehavior [ RunTime:0.000000s ]
INFO: [ app_init ] --END-- [ RunTime:0.004000s ]
ERR: æ— æ³•åŠ è½½æ¨¡å—:Assets

[ 2015-03-31T17:45:37+08:00 ] 127.0.0.1 /acephp/admin.php/assets/js/jquery.gritter.min.js
INFO: [ app_init ] --START--
INFO: Run Behavior\BuildLiteBehavior [ RunTime:0.000000s ]
INFO: [ app_init ] --END-- [ RunTime:0.001000s ]
ERR: æ— æ³•åŠ è½½æ¨¡å—:Assets

[ 2015-03-31T17:45:37+08:00 ] 127.0.0.1 /acephp/admin.php/assets/js/spin.min.js
INFO: [ app_init ] --START--
INFO: Run Behavior\BuildLiteBehavior [ RunTime:0.000000s ]
INFO: [ app_init ] --END-- [ RunTime:0.002000s ]
ERR: æ— æ³•åŠ è½½æ¨¡å—:Assets

[ 2015-03-31T17:45:37+08:00 ] 127.0.0.1 /acephp/admin.php/assets/css/jquery-ui.custom.min.css
INFO: [ app_init ] --START--
INFO: Run Behavior\BuildLiteBehavior [ RunTime:0.000000s ]
INFO: [ app_init ] --END-- [ RunTime:0.002001s ]
ERR: æ— æ³•åŠ è½½æ¨¡å—:Assets

[ 2015-03-31T17:45:37+08:00 ] 127.0.0.1 /acephp/admin.php/assets/css/jquery.gritter.css
INFO: [ app_init ] --START--
INFO: Run Behavior\BuildLiteBehavior [ RunTime:0.000000s ]
INFO: [ app_init ] --END-- [ RunTime:0.003001s ]
ERR: æ— æ³•åŠ è½½æ¨¡å—:Assets

[ 2015-03-31T17:45:46+08:00 ] 127.0.0.1 /acephp/admin.php/assets/js/prettify.js
INFO: [ app_init ] --START--
INFO: Run Behavior\BuildLiteBehavior [ RunTime:0.000000s ]
INFO: [ app_init ] --END-- [ RunTime:0.001000s ]
ERR: æ— æ³•åŠ è½½æ¨¡å—:Assets

[ 2015-03-31T17:45:46+08:00 ] 127.0.0.1 /acephp/admin.php/assets/css/prettify.css
INFO: [ app_init ] --START--
INFO: Run Behavior\BuildLiteBehavior [ RunTime:0.000000s ]
INFO: [ app_init ] --END-- [ RunTime:0.002001s ]
ERR: æ— æ³•åŠ è½½æ¨¡å—:Assets

